[2024-05-23 18:57:37,408][__main__][INFO] - fold:0
[2024-05-23 18:57:37,409][__main__][INFO] - train_subs:[1, 2, 3, 4, 5, 6, 7, 8, 9, 10, 11, 12, 13, 14]
[2024-05-23 18:57:37,409][__main__][INFO] - val_subs:[0]
[2024-05-23 19:02:29,719][__main__][INFO] - fold:1
[2024-05-23 19:02:29,719][__main__][INFO] - train_subs:[0, 2, 3, 4, 5, 6, 7, 8, 9, 10, 11, 12, 13, 14]
[2024-05-23 19:02:29,719][__main__][INFO] - val_subs:[1]
[2024-05-23 19:04:51,683][__main__][INFO] - fold:2
[2024-05-23 19:04:51,683][__main__][INFO] - train_subs:[0, 1, 3, 4, 5, 6, 7, 8, 9, 10, 11, 12, 13, 14]
[2024-05-23 19:04:51,683][__main__][INFO] - val_subs:[2]
[2024-05-23 19:09:15,644][__main__][INFO] - fold:3
[2024-05-23 19:09:15,645][__main__][INFO] - train_subs:[0, 1, 2, 4, 5, 6, 7, 8, 9, 10, 11, 12, 13, 14]
[2024-05-23 19:09:15,645][__main__][INFO] - val_subs:[3]
[2024-05-23 19:11:37,288][__main__][INFO] - fold:4
[2024-05-23 19:11:37,288][__main__][INFO] - train_subs:[0, 1, 2, 3, 5, 6, 7, 8, 9, 10, 11, 12, 13, 14]
[2024-05-23 19:11:37,288][__main__][INFO] - val_subs:[4]
[2024-05-23 19:16:03,345][__main__][INFO] - fold:5
[2024-05-23 19:16:03,345][__main__][INFO] - train_subs:[0, 1, 2, 3, 4, 6, 7, 8, 9, 10, 11, 12, 13, 14]
[2024-05-23 19:16:03,345][__main__][INFO] - val_subs:[5]
[2024-05-23 19:19:12,693][__main__][INFO] - fold:6
[2024-05-23 19:19:12,693][__main__][INFO] - train_subs:[0, 1, 2, 3, 4, 5, 7, 8, 9, 10, 11, 12, 13, 14]
[2024-05-23 19:19:12,693][__main__][INFO] - val_subs:[6]
[2024-05-23 19:22:03,411][__main__][INFO] - fold:7
[2024-05-23 19:22:03,411][__main__][INFO] - train_subs:[0, 1, 2, 3, 4, 5, 6, 8, 9, 10, 11, 12, 13, 14]
[2024-05-23 19:22:03,411][__main__][INFO] - val_subs:[7]
[2024-05-23 19:29:46,632][__main__][INFO] - fold:8
[2024-05-23 19:29:46,632][__main__][INFO] - train_subs:[0, 1, 2, 3, 4, 5, 6, 7, 9, 10, 11, 12, 13, 14]
[2024-05-23 19:29:46,633][__main__][INFO] - val_subs:[8]
[2024-05-23 19:35:03,815][__main__][INFO] - fold:9
[2024-05-23 19:35:03,816][__main__][INFO] - train_subs:[0, 1, 2, 3, 4, 5, 6, 7, 8, 10, 11, 12, 13, 14]
[2024-05-23 19:35:03,817][__main__][INFO] - val_subs:[9]
[2024-05-23 19:40:29,837][__main__][INFO] - fold:10
[2024-05-23 19:40:29,838][__main__][INFO] - train_subs:[0, 1, 2, 3, 4, 5, 6, 7, 8, 9, 11, 12, 13, 14]
[2024-05-23 19:40:29,838][__main__][INFO] - val_subs:[10]
[2024-05-23 19:44:56,159][__main__][INFO] - fold:11
[2024-05-23 19:44:56,159][__main__][INFO] - train_subs:[0, 1, 2, 3, 4, 5, 6, 7, 8, 9, 10, 12, 13, 14]
[2024-05-23 19:44:56,159][__main__][INFO] - val_subs:[11]
[2024-05-23 19:47:25,688][__main__][INFO] - fold:12
[2024-05-23 19:47:25,689][__main__][INFO] - train_subs:[0, 1, 2, 3, 4, 5, 6, 7, 8, 9, 10, 11, 13, 14]
[2024-05-23 19:47:25,689][__main__][INFO] - val_subs:[12]
[2024-05-23 19:55:59,567][__main__][INFO] - fold:13
[2024-05-23 19:55:59,567][__main__][INFO] - train_subs:[0, 1, 2, 3, 4, 5, 6, 7, 8, 9, 10, 11, 12, 14]
[2024-05-23 19:55:59,567][__main__][INFO] - val_subs:[13]
[2024-05-23 19:58:20,931][__main__][INFO] - fold:14
[2024-05-23 19:58:20,931][__main__][INFO] - train_subs:[0, 1, 2, 3, 4, 5, 6, 7, 8, 9, 10, 11, 12, 13]
[2024-05-23 19:58:20,932][__main__][INFO] - val_subs:[14]
[2024-05-23 20:02:42,153][__main__][INFO] - Best validation accuracies for each fold:
[2024-05-23 20:02:42,153][__main__][INFO] -     Fold 0: 89.32589721679688
[2024-05-23 20:02:42,153][__main__][INFO] -     Fold 1: 61.745426177978516
[2024-05-23 20:02:42,153][__main__][INFO] -     Fold 2: 71.0008773803711
[2024-05-23 20:02:42,153][__main__][INFO] -     Fold 3: 75.03179931640625
[2024-05-23 20:02:42,153][__main__][INFO] -     Fold 4: 65.3165054321289
[2024-05-23 20:02:42,153][__main__][INFO] -     Fold 5: 87.80941009521484
[2024-05-23 20:02:42,153][__main__][INFO] -     Fold 6: 80.2759017944336
[2024-05-23 20:02:42,154][__main__][INFO] -     Fold 7: 83.42627716064453
[2024-05-23 20:02:42,154][__main__][INFO] -     Fold 8: 97.49535369873047
[2024-05-23 20:02:42,154][__main__][INFO] -     Fold 9: 69.70941925048828
[2024-05-23 20:02:42,154][__main__][INFO] -     Fold 10: 80.13893127441406
[2024-05-23 20:02:42,154][__main__][INFO] -     Fold 11: 94.99070739746094
[2024-05-23 20:02:42,154][__main__][INFO] -     Fold 12: 87.14411163330078
[2024-05-23 20:02:42,154][__main__][INFO] -     Fold 13: 81.9097900390625
[2024-05-23 20:02:42,154][__main__][INFO] -     Fold 14: 83.71000671386719
[2024-05-23 20:02:42,154][__main__][INFO] - Average validation accuracy across all folds: 80.60202763875326
