[2024-05-18 14:53:58,293][__main__][INFO] - fold:0
[2024-05-18 14:53:58,293][__main__][INFO] - train_subs:[2, 3, 4, 5, 6, 7, 8, 9, 10, 11, 12, 13, 14]
[2024-05-18 14:53:58,293][__main__][INFO] - val_subs:[0 1]
[2024-05-18 14:56:28,051][__main__][INFO] - fold:1
[2024-05-18 14:56:28,051][__main__][INFO] - train_subs:[0, 1, 4, 5, 6, 7, 8, 9, 10, 11, 12, 13, 14]
[2024-05-18 14:56:28,052][__main__][INFO] - val_subs:[2 3]
[2024-05-18 15:01:01,324][__main__][INFO] - fold:2
[2024-05-18 15:01:01,325][__main__][INFO] - train_subs:[0, 1, 2, 3, 6, 7, 8, 9, 10, 11, 12, 13, 14]
[2024-05-18 15:01:01,325][__main__][INFO] - val_subs:[4 5]
[2024-05-18 15:03:13,648][__main__][INFO] - fold:3
[2024-05-18 15:03:13,648][__main__][INFO] - train_subs:[0, 1, 2, 3, 4, 5, 8, 9, 10, 11, 12, 13, 14]
[2024-05-18 15:03:13,648][__main__][INFO] - val_subs:[6 7]
[2024-05-18 15:06:08,289][__main__][INFO] - fold:4
[2024-05-18 15:06:08,289][__main__][INFO] - train_subs:[0, 1, 2, 3, 4, 5, 6, 7, 10, 11, 12, 13, 14]
[2024-05-18 15:06:08,290][__main__][INFO] - val_subs:[8 9]
[2024-05-18 15:12:52,010][__main__][INFO] - fold:5
[2024-05-18 15:12:52,010][__main__][INFO] - train_subs:[0, 1, 2, 3, 4, 5, 6, 7, 8, 9, 12, 13, 14]
[2024-05-18 15:12:52,010][__main__][INFO] - val_subs:[10 11]
[2024-05-18 15:15:21,137][__main__][INFO] - fold:6
[2024-05-18 15:15:21,137][__main__][INFO] - train_subs:[0, 1, 2, 3, 4, 5, 6, 7, 8, 9, 10, 11, 14]
[2024-05-18 15:15:21,137][__main__][INFO] - val_subs:[12 13]
[2024-05-18 15:19:44,864][__main__][INFO] - fold:7
[2024-05-18 15:19:44,864][__main__][INFO] - train_subs:[0, 1, 2, 3, 4, 5, 6, 7, 8, 9, 10, 11, 12, 13]
[2024-05-18 15:19:44,864][__main__][INFO] - val_subs:[14 15]
