[2024-05-27 14:56:34,964][__main__][INFO] - fold:0
[2024-05-27 14:56:34,964][__main__][INFO] - train_subs:[1, 2, 3, 4, 5, 6, 7, 8, 9, 10, 11, 12, 13, 14]
[2024-05-27 14:56:34,964][__main__][INFO] - val_subs:[0]
[2024-05-27 14:56:37,455][__main__][INFO] - normTrain
[2024-05-27 14:56:53,802][__main__][INFO] - load model:/home/ncclab/shenxinke/att_model/CLISA_Hydra/clisa_cp/SEED/_r4_f0_best.ckpt
[2024-05-27 14:57:40,491][__main__][INFO] - no inf
[2024-05-27 14:57:40,517][__main__][INFO] - no nan
[2024-05-27 14:57:40,518][__main__][INFO] - running norm:
[2024-05-27 14:57:43,656][__main__][INFO] - no inf
[2024-05-27 14:57:43,682][__main__][INFO] - no nan
[2024-05-27 14:57:43,682][__main__][INFO] - LDS:
[2024-05-27 15:13:55,714][__main__][INFO] - no inf
[2024-05-27 15:13:55,741][__main__][INFO] - no nan
[2024-05-27 15:13:59,474][__main__][INFO] - fold:1
[2024-05-27 15:13:59,475][__main__][INFO] - train_subs:[0, 2, 3, 4, 5, 6, 7, 8, 9, 10, 11, 12, 13, 14]
[2024-05-27 15:13:59,475][__main__][INFO] - val_subs:[1]
[2024-05-27 15:14:01,973][__main__][INFO] - normTrain
[2024-05-27 15:14:17,729][__main__][INFO] - load model:/home/ncclab/shenxinke/att_model/CLISA_Hydra/clisa_cp/SEED/_r4_f1_best.ckpt
[2024-05-27 15:15:13,029][__main__][INFO] - no inf
[2024-05-27 15:15:13,053][__main__][INFO] - no nan
[2024-05-27 15:15:13,053][__main__][INFO] - running norm:
[2024-05-27 15:15:16,187][__main__][INFO] - no inf
[2024-05-27 15:15:16,211][__main__][INFO] - no nan
[2024-05-27 15:15:16,211][__main__][INFO] - LDS:
[2024-05-27 15:31:30,441][__main__][INFO] - no inf
[2024-05-27 15:31:30,466][__main__][INFO] - no nan
[2024-05-27 15:31:35,737][__main__][INFO] - fold:2
[2024-05-27 15:31:35,738][__main__][INFO] - train_subs:[0, 1, 3, 4, 5, 6, 7, 8, 9, 10, 11, 12, 13, 14]
[2024-05-27 15:31:35,738][__main__][INFO] - val_subs:[2]
[2024-05-27 15:31:38,243][__main__][INFO] - normTrain
[2024-05-27 15:31:53,704][__main__][INFO] - load model:/home/ncclab/shenxinke/att_model/CLISA_Hydra/clisa_cp/SEED/_r4_f2_best.ckpt
[2024-05-27 15:32:48,346][__main__][INFO] - no inf
[2024-05-27 15:32:48,369][__main__][INFO] - no nan
[2024-05-27 15:32:48,369][__main__][INFO] - running norm:
[2024-05-27 15:32:51,488][__main__][INFO] - no inf
[2024-05-27 15:32:51,511][__main__][INFO] - no nan
[2024-05-27 15:32:51,511][__main__][INFO] - LDS:
[2024-05-27 15:49:03,328][__main__][INFO] - no inf
[2024-05-27 15:49:03,351][__main__][INFO] - no nan
[2024-05-27 15:49:05,667][__main__][INFO] - fold:3
[2024-05-27 15:49:05,668][__main__][INFO] - train_subs:[0, 1, 2, 4, 5, 6, 7, 8, 9, 10, 11, 12, 13, 14]
[2024-05-27 15:49:05,668][__main__][INFO] - val_subs:[3]
[2024-05-27 15:49:08,103][__main__][INFO] - normTrain
[2024-05-27 15:49:23,757][__main__][INFO] - load model:/home/ncclab/shenxinke/att_model/CLISA_Hydra/clisa_cp/SEED/_r4_f3_best.ckpt
[2024-05-27 15:50:20,543][__main__][INFO] - no inf
[2024-05-27 15:50:20,569][__main__][INFO] - no nan
[2024-05-27 15:50:20,569][__main__][INFO] - running norm:
[2024-05-27 15:50:23,709][__main__][INFO] - no inf
[2024-05-27 15:50:23,735][__main__][INFO] - no nan
[2024-05-27 15:50:23,735][__main__][INFO] - LDS:
[2024-05-27 16:06:42,432][__main__][INFO] - no inf
[2024-05-27 16:06:42,458][__main__][INFO] - no nan
[2024-05-27 16:06:44,516][__main__][INFO] - fold:4
[2024-05-27 16:06:44,516][__main__][INFO] - train_subs:[0, 1, 2, 3, 5, 6, 7, 8, 9, 10, 11, 12, 13, 14]
[2024-05-27 16:06:44,516][__main__][INFO] - val_subs:[4]
[2024-05-27 16:06:46,989][__main__][INFO] - normTrain
[2024-05-27 16:07:01,882][__main__][INFO] - load model:/home/ncclab/shenxinke/att_model/CLISA_Hydra/clisa_cp/SEED/_r4_f4_best.ckpt
[2024-05-27 16:07:57,326][__main__][INFO] - no inf
[2024-05-27 16:07:57,347][__main__][INFO] - no nan
[2024-05-27 16:07:57,348][__main__][INFO] - running norm:
[2024-05-27 16:08:00,492][__main__][INFO] - no inf
[2024-05-27 16:08:00,513][__main__][INFO] - no nan
[2024-05-27 16:08:00,514][__main__][INFO] - LDS:
[2024-05-27 16:24:14,297][__main__][INFO] - no inf
[2024-05-27 16:24:14,319][__main__][INFO] - no nan
[2024-05-27 16:24:17,226][__main__][INFO] - fold:5
[2024-05-27 16:24:17,227][__main__][INFO] - train_subs:[0, 1, 2, 3, 4, 6, 7, 8, 9, 10, 11, 12, 13, 14]
[2024-05-27 16:24:17,227][__main__][INFO] - val_subs:[5]
[2024-05-27 16:24:19,690][__main__][INFO] - normTrain
[2024-05-27 16:24:34,770][__main__][INFO] - load model:/home/ncclab/shenxinke/att_model/CLISA_Hydra/clisa_cp/SEED/_r4_f5_best.ckpt
[2024-05-27 16:25:27,979][__main__][INFO] - no inf
[2024-05-27 16:25:27,999][__main__][INFO] - no nan
[2024-05-27 16:25:27,999][__main__][INFO] - running norm:
[2024-05-27 16:25:31,132][__main__][INFO] - no inf
[2024-05-27 16:25:31,153][__main__][INFO] - no nan
[2024-05-27 16:25:31,153][__main__][INFO] - LDS:
[2024-05-27 16:41:47,857][__main__][INFO] - no inf
[2024-05-27 16:41:47,877][__main__][INFO] - no nan
[2024-05-27 16:41:50,797][__main__][INFO] - fold:6
[2024-05-27 16:41:50,798][__main__][INFO] - train_subs:[0, 1, 2, 3, 4, 5, 7, 8, 9, 10, 11, 12, 13, 14]
[2024-05-27 16:41:50,798][__main__][INFO] - val_subs:[6]
[2024-05-27 16:41:53,251][__main__][INFO] - normTrain
[2024-05-27 16:42:09,683][__main__][INFO] - load model:/home/ncclab/shenxinke/att_model/CLISA_Hydra/clisa_cp/SEED/_r4_f6_best.ckpt
[2024-05-27 16:43:06,747][__main__][INFO] - no inf
[2024-05-27 16:43:06,774][__main__][INFO] - no nan
[2024-05-27 16:43:06,774][__main__][INFO] - running norm:
[2024-05-27 16:43:09,935][__main__][INFO] - no inf
[2024-05-27 16:43:09,963][__main__][INFO] - no nan
[2024-05-27 16:43:09,963][__main__][INFO] - LDS:
[2024-05-27 16:59:28,805][__main__][INFO] - no inf
[2024-05-27 16:59:28,833][__main__][INFO] - no nan
[2024-05-27 16:59:31,878][__main__][INFO] - fold:7
[2024-05-27 16:59:31,878][__main__][INFO] - train_subs:[0, 1, 2, 3, 4, 5, 6, 8, 9, 10, 11, 12, 13, 14]
[2024-05-27 16:59:31,878][__main__][INFO] - val_subs:[7]
[2024-05-27 16:59:34,393][__main__][INFO] - normTrain
[2024-05-27 16:59:51,361][__main__][INFO] - load model:/home/ncclab/shenxinke/att_model/CLISA_Hydra/clisa_cp/SEED/_r4_f7_best.ckpt
[2024-05-27 17:00:50,361][__main__][INFO] - no inf
[2024-05-27 17:00:50,389][__main__][INFO] - no nan
[2024-05-27 17:00:50,389][__main__][INFO] - running norm:
[2024-05-27 17:00:53,568][__main__][INFO] - no inf
[2024-05-27 17:00:53,596][__main__][INFO] - no nan
[2024-05-27 17:00:53,596][__main__][INFO] - LDS:
[2024-05-27 17:17:06,750][__main__][INFO] - no inf
[2024-05-27 17:17:06,779][__main__][INFO] - no nan
[2024-05-27 17:17:09,634][__main__][INFO] - fold:8
[2024-05-27 17:17:09,635][__main__][INFO] - train_subs:[0, 1, 2, 3, 4, 5, 6, 7, 9, 10, 11, 12, 13, 14]
[2024-05-27 17:17:09,635][__main__][INFO] - val_subs:[8]
[2024-05-27 17:17:12,124][__main__][INFO] - normTrain
[2024-05-27 17:17:27,831][__main__][INFO] - load model:/home/ncclab/shenxinke/att_model/CLISA_Hydra/clisa_cp/SEED/_r4_f8_best.ckpt
[2024-05-27 17:18:22,980][__main__][INFO] - no inf
[2024-05-27 17:18:23,004][__main__][INFO] - no nan
[2024-05-27 17:18:23,004][__main__][INFO] - running norm:
[2024-05-27 17:18:26,108][__main__][INFO] - no inf
[2024-05-27 17:18:26,132][__main__][INFO] - no nan
[2024-05-27 17:18:26,132][__main__][INFO] - LDS:
[2024-05-27 17:34:42,293][__main__][INFO] - no inf
[2024-05-27 17:34:42,317][__main__][INFO] - no nan
[2024-05-27 17:34:45,658][__main__][INFO] - fold:9
[2024-05-27 17:34:45,659][__main__][INFO] - train_subs:[0, 1, 2, 3, 4, 5, 6, 7, 8, 10, 11, 12, 13, 14]
[2024-05-27 17:34:45,659][__main__][INFO] - val_subs:[9]
[2024-05-27 17:34:48,079][__main__][INFO] - normTrain
[2024-05-27 17:35:03,176][__main__][INFO] - load model:/home/ncclab/shenxinke/att_model/CLISA_Hydra/clisa_cp/SEED/_r4_f9_best.ckpt
[2024-05-27 17:35:58,854][__main__][INFO] - no inf
[2024-05-27 17:35:58,878][__main__][INFO] - no nan
[2024-05-27 17:35:58,878][__main__][INFO] - running norm:
[2024-05-27 17:36:02,000][__main__][INFO] - no inf
[2024-05-27 17:36:02,024][__main__][INFO] - no nan
[2024-05-27 17:36:02,024][__main__][INFO] - LDS:
[2024-05-27 17:52:18,714][__main__][INFO] - no inf
[2024-05-27 17:52:18,740][__main__][INFO] - no nan
[2024-05-27 17:52:22,463][__main__][INFO] - fold:10
[2024-05-27 17:52:22,463][__main__][INFO] - train_subs:[0, 1, 2, 3, 4, 5, 6, 7, 8, 9, 11, 12, 13, 14]
[2024-05-27 17:52:22,464][__main__][INFO] - val_subs:[10]
[2024-05-27 17:52:24,951][__main__][INFO] - normTrain
[2024-05-27 17:52:40,576][__main__][INFO] - load model:/home/ncclab/shenxinke/att_model/CLISA_Hydra/clisa_cp/SEED/_r4_f10_best.ckpt
[2024-05-27 17:53:37,412][__main__][INFO] - no inf
[2024-05-27 17:53:37,435][__main__][INFO] - no nan
[2024-05-27 17:53:37,436][__main__][INFO] - running norm:
[2024-05-27 17:53:40,581][__main__][INFO] - no inf
[2024-05-27 17:53:40,605][__main__][INFO] - no nan
[2024-05-27 17:53:40,606][__main__][INFO] - LDS:
[2024-05-27 18:09:59,300][__main__][INFO] - no inf
[2024-05-27 18:09:59,325][__main__][INFO] - no nan
[2024-05-27 18:10:02,694][__main__][INFO] - fold:11
[2024-05-27 18:10:02,694][__main__][INFO] - train_subs:[0, 1, 2, 3, 4, 5, 6, 7, 8, 9, 10, 12, 13, 14]
[2024-05-27 18:10:02,694][__main__][INFO] - val_subs:[11]
[2024-05-27 18:10:05,222][__main__][INFO] - normTrain
[2024-05-27 18:10:21,882][__main__][INFO] - load model:/home/ncclab/shenxinke/att_model/CLISA_Hydra/clisa_cp/SEED/_r4_f11_best.ckpt
[2024-05-27 18:11:18,851][__main__][INFO] - no inf
[2024-05-27 18:11:18,878][__main__][INFO] - no nan
[2024-05-27 18:11:18,879][__main__][INFO] - running norm:
[2024-05-27 18:11:22,026][__main__][INFO] - no inf
[2024-05-27 18:11:22,053][__main__][INFO] - no nan
[2024-05-27 18:11:22,054][__main__][INFO] - LDS:
[2024-05-27 18:27:38,149][__main__][INFO] - no inf
[2024-05-27 18:27:38,177][__main__][INFO] - no nan
[2024-05-27 18:27:41,257][__main__][INFO] - fold:12
[2024-05-27 18:27:41,258][__main__][INFO] - train_subs:[0, 1, 2, 3, 4, 5, 6, 7, 8, 9, 10, 11, 13, 14]
[2024-05-27 18:27:41,258][__main__][INFO] - val_subs:[12]
[2024-05-27 18:27:43,619][__main__][INFO] - normTrain
[2024-05-27 18:27:57,423][__main__][INFO] - load model:/home/ncclab/shenxinke/att_model/CLISA_Hydra/clisa_cp/SEED/_r4_f12_best.ckpt
[2024-05-27 18:28:50,410][__main__][INFO] - no inf
[2024-05-27 18:28:50,429][__main__][INFO] - no nan
[2024-05-27 18:28:50,430][__main__][INFO] - running norm:
[2024-05-27 18:28:53,606][__main__][INFO] - no inf
[2024-05-27 18:28:53,626][__main__][INFO] - no nan
[2024-05-27 18:28:53,626][__main__][INFO] - LDS:
[2024-05-27 18:45:15,756][__main__][INFO] - no inf
[2024-05-27 18:45:15,777][__main__][INFO] - no nan
[2024-05-27 18:45:19,693][__main__][INFO] - fold:13
[2024-05-27 18:45:19,694][__main__][INFO] - train_subs:[0, 1, 2, 3, 4, 5, 6, 7, 8, 9, 10, 11, 12, 14]
[2024-05-27 18:45:19,694][__main__][INFO] - val_subs:[13]
[2024-05-27 18:45:22,193][__main__][INFO] - normTrain
