[2024-05-22 14:20:24,168][__main__][INFO] - fold:0
[2024-05-22 14:20:24,168][__main__][INFO] - train_subs:[1, 2, 3, 4, 5, 6, 7, 8, 9, 10, 11, 12, 13, 14]
[2024-05-22 14:20:24,168][__main__][INFO] - val_subs:[0]
[2024-05-22 14:23:06,315][__main__][INFO] - fold:1
[2024-05-22 14:23:06,315][__main__][INFO] - train_subs:[0, 2, 3, 4, 5, 6, 7, 8, 9, 10, 11, 12, 13, 14]
[2024-05-22 14:23:06,315][__main__][INFO] - val_subs:[1]
[2024-05-22 14:25:19,925][__main__][INFO] - fold:2
[2024-05-22 14:25:19,925][__main__][INFO] - train_subs:[0, 1, 3, 4, 5, 6, 7, 8, 9, 10, 11, 12, 13, 14]
[2024-05-22 14:25:19,926][__main__][INFO] - val_subs:[2]
[2024-05-22 14:27:36,402][__main__][INFO] - fold:3
[2024-05-22 14:27:36,402][__main__][INFO] - train_subs:[0, 1, 2, 4, 5, 6, 7, 8, 9, 10, 11, 12, 13, 14]
[2024-05-22 14:27:36,402][__main__][INFO] - val_subs:[3]
[2024-05-22 14:29:50,354][__main__][INFO] - fold:4
[2024-05-22 14:29:50,355][__main__][INFO] - train_subs:[0, 1, 2, 3, 5, 6, 7, 8, 9, 10, 11, 12, 13, 14]
[2024-05-22 14:29:50,355][__main__][INFO] - val_subs:[4]
[2024-05-22 14:32:09,080][__main__][INFO] - fold:5
[2024-05-22 14:32:09,080][__main__][INFO] - train_subs:[0, 1, 2, 3, 4, 6, 7, 8, 9, 10, 11, 12, 13, 14]
[2024-05-22 14:32:09,080][__main__][INFO] - val_subs:[5]
[2024-05-22 14:37:44,605][__main__][INFO] - fold:6
[2024-05-22 14:37:44,605][__main__][INFO] - train_subs:[0, 1, 2, 3, 4, 5, 7, 8, 9, 10, 11, 12, 13, 14]
[2024-05-22 14:37:44,606][__main__][INFO] - val_subs:[6]
[2024-05-22 14:41:18,715][__main__][INFO] - fold:7
[2024-05-22 14:41:18,715][__main__][INFO] - train_subs:[0, 1, 2, 3, 4, 5, 6, 8, 9, 10, 11, 12, 13, 14]
[2024-05-22 14:41:18,715][__main__][INFO] - val_subs:[7]
[2024-05-22 14:45:59,242][__main__][INFO] - fold:8
[2024-05-22 14:45:59,243][__main__][INFO] - train_subs:[0, 1, 2, 3, 4, 5, 6, 7, 9, 10, 11, 12, 13, 14]
[2024-05-22 14:45:59,243][__main__][INFO] - val_subs:[8]
[2024-05-22 14:50:58,841][__main__][INFO] - fold:9
[2024-05-22 14:50:58,841][__main__][INFO] - train_subs:[0, 1, 2, 3, 4, 5, 6, 7, 8, 10, 11, 12, 13, 14]
[2024-05-22 14:50:58,841][__main__][INFO] - val_subs:[9]
[2024-05-22 14:53:56,551][__main__][INFO] - fold:10
[2024-05-22 14:53:56,551][__main__][INFO] - train_subs:[0, 1, 2, 3, 4, 5, 6, 7, 8, 9, 11, 12, 13, 14]
[2024-05-22 14:53:56,551][__main__][INFO] - val_subs:[10]
