[2024-05-30 13:20:13,312][__main__][INFO] - fold:0
[2024-05-30 13:20:13,313][__main__][INFO] - train_subs:[1, 2, 3, 4, 5, 6, 7, 8, 9, 10, 11, 12, 13, 14]
[2024-05-30 13:20:13,313][__main__][INFO] - val_subs:[0]
[2024-05-30 13:22:44,448][__main__][INFO] - fold:1
[2024-05-30 13:22:44,448][__main__][INFO] - train_subs:[0, 2, 3, 4, 5, 6, 7, 8, 9, 10, 11, 12, 13, 14]
[2024-05-30 13:22:44,449][__main__][INFO] - val_subs:[1]
[2024-05-30 13:25:09,789][__main__][INFO] - fold:2
[2024-05-30 13:25:09,789][__main__][INFO] - train_subs:[0, 1, 3, 4, 5, 6, 7, 8, 9, 10, 11, 12, 13, 14]
[2024-05-30 13:25:09,789][__main__][INFO] - val_subs:[2]
[2024-05-30 13:31:08,716][__main__][INFO] - fold:3
[2024-05-30 13:31:08,716][__main__][INFO] - train_subs:[0, 1, 2, 4, 5, 6, 7, 8, 9, 10, 11, 12, 13, 14]
[2024-05-30 13:31:08,716][__main__][INFO] - val_subs:[3]
[2024-05-30 13:33:44,780][__main__][INFO] - fold:4
[2024-05-30 13:33:44,781][__main__][INFO] - train_subs:[0, 1, 2, 3, 5, 6, 7, 8, 9, 10, 11, 12, 13, 14]
[2024-05-30 13:33:44,781][__main__][INFO] - val_subs:[4]
[2024-05-30 13:36:09,059][__main__][INFO] - fold:5
[2024-05-30 13:36:09,059][__main__][INFO] - train_subs:[0, 1, 2, 3, 4, 6, 7, 8, 9, 10, 11, 12, 13, 14]
[2024-05-30 13:36:09,060][__main__][INFO] - val_subs:[5]
[2024-05-30 13:40:55,481][__main__][INFO] - fold:6
[2024-05-30 13:40:55,482][__main__][INFO] - train_subs:[0, 1, 2, 3, 4, 5, 7, 8, 9, 10, 11, 12, 13, 14]
[2024-05-30 13:40:55,482][__main__][INFO] - val_subs:[6]
[2024-05-30 13:45:23,661][__main__][INFO] - fold:7
[2024-05-30 13:45:23,661][__main__][INFO] - train_subs:[0, 1, 2, 3, 4, 5, 6, 8, 9, 10, 11, 12, 13, 14]
[2024-05-30 13:45:23,661][__main__][INFO] - val_subs:[7]
[2024-05-30 13:51:44,430][__main__][INFO] - fold:8
[2024-05-30 13:51:44,430][__main__][INFO] - train_subs:[0, 1, 2, 3, 4, 5, 6, 7, 9, 10, 11, 12, 13, 14]
[2024-05-30 13:51:44,430][__main__][INFO] - val_subs:[8]
[2024-05-30 13:56:04,917][__main__][INFO] - fold:9
[2024-05-30 13:56:04,917][__main__][INFO] - train_subs:[0, 1, 2, 3, 4, 5, 6, 7, 8, 10, 11, 12, 13, 14]
[2024-05-30 13:56:04,918][__main__][INFO] - val_subs:[9]
[2024-05-30 14:01:31,554][__main__][INFO] - fold:10
[2024-05-30 14:01:31,555][__main__][INFO] - train_subs:[0, 1, 2, 3, 4, 5, 6, 7, 8, 9, 11, 12, 13, 14]
[2024-05-30 14:01:31,555][__main__][INFO] - val_subs:[10]
[2024-05-30 14:06:50,843][__main__][INFO] - fold:11
[2024-05-30 14:06:50,843][__main__][INFO] - train_subs:[0, 1, 2, 3, 4, 5, 6, 7, 8, 9, 10, 12, 13, 14]
[2024-05-30 14:06:50,843][__main__][INFO] - val_subs:[11]
[2024-05-30 14:10:10,468][__main__][INFO] - fold:12
[2024-05-30 14:10:10,468][__main__][INFO] - train_subs:[0, 1, 2, 3, 4, 5, 6, 7, 8, 9, 10, 11, 13, 14]
[2024-05-30 14:10:10,468][__main__][INFO] - val_subs:[12]
[2024-05-30 14:16:01,028][__main__][INFO] - Best validation accuracies for each fold:
[2024-05-30 14:16:01,028][__main__][INFO] -     Fold 0: 83.25995635986328
[2024-05-30 14:16:01,028][__main__][INFO] -     Fold 1: 57.929752349853516
[2024-05-30 14:16:01,028][__main__][INFO] -     Fold 2: 77.58536529541016
[2024-05-30 14:16:01,028][__main__][INFO] -     Fold 3: 87.62351989746094
[2024-05-30 14:16:01,029][__main__][INFO] -     Fold 4: 62.39115524291992
[2024-05-30 14:16:01,029][__main__][INFO] -     Fold 5: 90.06946563720703
[2024-05-30 14:16:01,029][__main__][INFO] -     Fold 6: 80.78466033935547
[2024-05-30 14:16:01,029][__main__][INFO] -     Fold 7: 81.06838989257812
[2024-05-30 14:16:01,029][__main__][INFO] -     Fold 8: 97.61275482177734
[2024-05-30 14:16:01,029][__main__][INFO] -     Fold 9: 70.60952758789062
[2024-05-30 14:16:01,029][__main__][INFO] -     Fold 10: 82.96643829345703
[2024-05-30 14:16:01,029][__main__][INFO] -     Fold 11: 95.87124633789062
[2024-05-30 14:16:01,029][__main__][INFO] -     Fold 12: 79.48341369628906
[2024-05-30 14:16:01,030][__main__][INFO] - Average validation accuracy across all folds: 80.55812659630409
