[2024-05-23 17:07:21,134][__main__][INFO] - fold:0
[2024-05-23 17:07:21,135][__main__][INFO] - train_subs:[1, 2, 3, 4, 5, 6, 7, 8, 9, 10, 11, 12, 13, 14]
[2024-05-23 17:07:21,135][__main__][INFO] - val_subs:[0]
[2024-05-23 17:10:19,189][__main__][INFO] - fold:1
[2024-05-23 17:10:19,189][__main__][INFO] - train_subs:[0, 2, 3, 4, 5, 6, 7, 8, 9, 10, 11, 12, 13, 14]
[2024-05-23 17:10:19,189][__main__][INFO] - val_subs:[1]
[2024-05-23 17:12:42,532][__main__][INFO] - fold:2
[2024-05-23 17:12:42,533][__main__][INFO] - train_subs:[0, 1, 3, 4, 5, 6, 7, 8, 9, 10, 11, 12, 13, 14]
[2024-05-23 17:12:42,533][__main__][INFO] - val_subs:[2]
[2024-05-23 17:15:05,753][__main__][INFO] - fold:3
[2024-05-23 17:15:05,753][__main__][INFO] - train_subs:[0, 1, 2, 4, 5, 6, 7, 8, 9, 10, 11, 12, 13, 14]
[2024-05-23 17:15:05,753][__main__][INFO] - val_subs:[3]
[2024-05-23 17:17:34,900][__main__][INFO] - fold:4
[2024-05-23 17:17:34,901][__main__][INFO] - train_subs:[0, 1, 2, 3, 5, 6, 7, 8, 9, 10, 11, 12, 13, 14]
[2024-05-23 17:17:34,901][__main__][INFO] - val_subs:[4]
[2024-05-23 17:20:08,674][__main__][INFO] - fold:5
[2024-05-23 17:20:08,675][__main__][INFO] - train_subs:[0, 1, 2, 3, 4, 6, 7, 8, 9, 10, 11, 12, 13, 14]
[2024-05-23 17:20:08,675][__main__][INFO] - val_subs:[5]
[2024-05-23 17:26:39,542][__main__][INFO] - fold:6
[2024-05-23 17:26:39,542][__main__][INFO] - train_subs:[0, 1, 2, 3, 4, 5, 7, 8, 9, 10, 11, 12, 13, 14]
[2024-05-23 17:26:39,542][__main__][INFO] - val_subs:[6]
[2024-05-23 17:29:49,065][__main__][INFO] - fold:7
[2024-05-23 17:29:49,065][__main__][INFO] - train_subs:[0, 1, 2, 3, 4, 5, 6, 8, 9, 10, 11, 12, 13, 14]
[2024-05-23 17:29:49,065][__main__][INFO] - val_subs:[7]
[2024-05-23 17:35:36,740][__main__][INFO] - fold:8
[2024-05-23 17:35:36,740][__main__][INFO] - train_subs:[0, 1, 2, 3, 4, 5, 6, 7, 9, 10, 11, 12, 13, 14]
[2024-05-23 17:35:36,740][__main__][INFO] - val_subs:[8]
[2024-05-23 17:40:26,305][__main__][INFO] - fold:9
[2024-05-23 17:40:26,306][__main__][INFO] - train_subs:[0, 1, 2, 3, 4, 5, 6, 7, 8, 10, 11, 12, 13, 14]
[2024-05-23 17:40:26,306][__main__][INFO] - val_subs:[9]
[2024-05-23 17:43:05,814][__main__][INFO] - fold:10
[2024-05-23 17:43:05,814][__main__][INFO] - train_subs:[0, 1, 2, 3, 4, 5, 6, 7, 8, 9, 11, 12, 13, 14]
[2024-05-23 17:43:05,815][__main__][INFO] - val_subs:[10]
[2024-05-23 17:45:24,137][__main__][INFO] - fold:11
[2024-05-23 17:45:24,137][__main__][INFO] - train_subs:[0, 1, 2, 3, 4, 5, 6, 7, 8, 9, 10, 12, 13, 14]
[2024-05-23 17:45:24,137][__main__][INFO] - val_subs:[11]
[2024-05-23 17:47:46,828][__main__][INFO] - fold:12
[2024-05-23 17:47:46,829][__main__][INFO] - train_subs:[0, 1, 2, 3, 4, 5, 6, 7, 8, 9, 10, 11, 13, 14]
[2024-05-23 17:47:46,830][__main__][INFO] - val_subs:[12]
[2024-05-23 17:51:51,452][__main__][INFO] - fold:13
[2024-05-23 17:51:51,452][__main__][INFO] - train_subs:[0, 1, 2, 3, 4, 5, 6, 7, 8, 9, 10, 11, 12, 14]
[2024-05-23 17:51:51,453][__main__][INFO] - val_subs:[13]
[2024-05-23 17:54:11,626][__main__][INFO] - fold:14
[2024-05-23 17:54:11,626][__main__][INFO] - train_subs:[0, 1, 2, 3, 4, 5, 6, 7, 8, 9, 10, 11, 12, 13]
[2024-05-23 17:54:11,626][__main__][INFO] - val_subs:[14]
[2024-05-23 17:56:17,677][__main__][INFO] - Best validation accuracies for each fold:
[2024-05-23 17:56:17,678][__main__][INFO] -     Fold 0: 89.45308685302734
[2024-05-23 17:56:17,678][__main__][INFO] -     Fold 1: 60.28764343261719
[2024-05-23 17:56:17,678][__main__][INFO] -     Fold 2: 70.8443374633789
[2024-05-23 17:56:17,678][__main__][INFO] -     Fold 3: 76.40152740478516
[2024-05-23 17:56:17,678][__main__][INFO] -     Fold 4: 61.530181884765625
[2024-05-23 17:56:17,678][__main__][INFO] -     Fold 5: 89.99119567871094
[2024-05-23 17:56:17,678][__main__][INFO] -     Fold 6: 82.19351959228516
[2024-05-23 17:56:17,678][__main__][INFO] -     Fold 7: 83.3675765991211
[2024-05-23 17:56:17,679][__main__][INFO] -     Fold 8: 97.68124389648438
[2024-05-23 17:56:17,679][__main__][INFO] -     Fold 9: 70.97152709960938
[2024-05-23 17:56:17,679][__main__][INFO] -     Fold 10: 82.28157806396484
[2024-05-23 17:56:17,679][__main__][INFO] -     Fold 11: 94.9222183227539
[2024-05-23 17:56:17,679][__main__][INFO] -     Fold 12: 87.39849090576172
[2024-05-23 17:56:17,679][__main__][INFO] -     Fold 13: 82.74141693115234
[2024-05-23 17:56:17,679][__main__][INFO] -     Fold 14: 81.37168884277344
[2024-05-23 17:56:17,680][__main__][INFO] - Average validation accuracy across all folds: 80.76248219807943
