[2024-05-30 14:16:13,661][__main__][INFO] - fold:0
[2024-05-30 14:16:13,662][__main__][INFO] - train_subs:[1, 2, 3, 4, 5, 6, 7, 8, 9, 10, 11, 12, 13, 14]
[2024-05-30 14:16:13,662][__main__][INFO] - val_subs:[0]
[2024-05-30 14:18:44,938][__main__][INFO] - fold:1
[2024-05-30 14:18:44,939][__main__][INFO] - train_subs:[0, 2, 3, 4, 5, 6, 7, 8, 9, 10, 11, 12, 13, 14]
[2024-05-30 14:18:44,939][__main__][INFO] - val_subs:[1]
[2024-05-30 14:21:10,393][__main__][INFO] - fold:2
[2024-05-30 14:21:10,393][__main__][INFO] - train_subs:[0, 1, 3, 4, 5, 6, 7, 8, 9, 10, 11, 12, 13, 14]
[2024-05-30 14:21:10,394][__main__][INFO] - val_subs:[2]
[2024-05-30 14:23:29,215][__main__][INFO] - fold:3
[2024-05-30 14:23:29,215][__main__][INFO] - train_subs:[0, 1, 2, 4, 5, 6, 7, 8, 9, 10, 11, 12, 13, 14]
[2024-05-30 14:23:29,215][__main__][INFO] - val_subs:[3]
[2024-05-30 14:25:53,957][__main__][INFO] - fold:4
[2024-05-30 14:25:53,957][__main__][INFO] - train_subs:[0, 1, 2, 3, 5, 6, 7, 8, 9, 10, 11, 12, 13, 14]
[2024-05-30 14:25:53,957][__main__][INFO] - val_subs:[4]
[2024-05-30 14:28:14,979][__main__][INFO] - fold:5
[2024-05-30 14:28:14,979][__main__][INFO] - train_subs:[0, 1, 2, 3, 4, 6, 7, 8, 9, 10, 11, 12, 13, 14]
[2024-05-30 14:28:14,980][__main__][INFO] - val_subs:[5]
[2024-05-30 14:33:28,741][__main__][INFO] - fold:6
[2024-05-30 14:33:28,741][__main__][INFO] - train_subs:[0, 1, 2, 3, 4, 5, 7, 8, 9, 10, 11, 12, 13, 14]
[2024-05-30 14:33:28,741][__main__][INFO] - val_subs:[6]
[2024-05-30 14:38:49,154][__main__][INFO] - fold:7
[2024-05-30 14:38:49,155][__main__][INFO] - train_subs:[0, 1, 2, 3, 4, 5, 6, 8, 9, 10, 11, 12, 13, 14]
[2024-05-30 14:38:49,155][__main__][INFO] - val_subs:[7]
[2024-05-30 14:43:47,169][__main__][INFO] - fold:8
[2024-05-30 14:43:47,170][__main__][INFO] - train_subs:[0, 1, 2, 3, 4, 5, 6, 7, 9, 10, 11, 12, 13, 14]
[2024-05-30 14:43:47,170][__main__][INFO] - val_subs:[8]
[2024-05-30 14:50:44,074][__main__][INFO] - fold:9
[2024-05-30 14:50:44,074][__main__][INFO] - train_subs:[0, 1, 2, 3, 4, 5, 6, 7, 8, 10, 11, 12, 13, 14]
[2024-05-30 14:50:44,074][__main__][INFO] - val_subs:[9]
[2024-05-30 14:55:22,807][__main__][INFO] - fold:10
[2024-05-30 14:55:22,807][__main__][INFO] - train_subs:[0, 1, 2, 3, 4, 5, 6, 7, 8, 9, 11, 12, 13, 14]
[2024-05-30 14:55:22,808][__main__][INFO] - val_subs:[10]
[2024-05-30 15:00:13,387][__main__][INFO] - fold:11
[2024-05-30 15:00:13,387][__main__][INFO] - train_subs:[0, 1, 2, 3, 4, 5, 6, 7, 8, 9, 10, 12, 13, 14]
[2024-05-30 15:00:13,388][__main__][INFO] - val_subs:[11]
[2024-05-30 15:04:29,470][__main__][INFO] - fold:12
[2024-05-30 15:04:29,471][__main__][INFO] - train_subs:[0, 1, 2, 3, 4, 5, 6, 7, 8, 9, 10, 11, 13, 14]
[2024-05-30 15:04:29,471][__main__][INFO] - val_subs:[12]
[2024-05-30 15:07:30,123][__main__][INFO] - Best validation accuracies for each fold:
[2024-05-30 15:07:30,123][__main__][INFO] -     Fold 0: 84.95254516601562
[2024-05-30 15:07:30,123][__main__][INFO] -     Fold 1: 58.93748092651367
[2024-05-30 15:07:30,123][__main__][INFO] -     Fold 2: 77.42882537841797
[2024-05-30 15:07:30,123][__main__][INFO] -     Fold 3: 87.6430892944336
[2024-05-30 15:07:30,124][__main__][INFO] -     Fold 4: 63.84893798828125
[2024-05-30 15:07:30,124][__main__][INFO] -     Fold 5: 90.09881591796875
[2024-05-30 15:07:30,124][__main__][INFO] -     Fold 6: 80.03131103515625
[2024-05-30 15:07:30,124][__main__][INFO] -     Fold 7: 79.98239135742188
[2024-05-30 15:07:30,124][__main__][INFO] -     Fold 8: 96.96702575683594
[2024-05-30 15:07:30,124][__main__][INFO] -     Fold 9: 69.3278579711914
[2024-05-30 15:07:30,124][__main__][INFO] -     Fold 10: 83.06427764892578
[2024-05-30 15:07:30,124][__main__][INFO] -     Fold 11: 95.85167694091797
[2024-05-30 15:07:30,124][__main__][INFO] -     Fold 12: 77.96693420410156
[2024-05-30 15:07:30,125][__main__][INFO] - Average validation accuracy across all folds: 80.46932073739859
