[2024-05-23 17:56:32,930][__main__][INFO] - fold:0
[2024-05-23 17:56:32,931][__main__][INFO] - train_subs:[1, 2, 3, 4, 5, 6, 7, 8, 9, 10, 11, 12, 13, 14]
[2024-05-23 17:56:32,931][__main__][INFO] - val_subs:[0]
[2024-05-23 17:59:20,228][__main__][INFO] - fold:1
[2024-05-23 17:59:20,228][__main__][INFO] - train_subs:[0, 2, 3, 4, 5, 6, 7, 8, 9, 10, 11, 12, 13, 14]
[2024-05-23 17:59:20,228][__main__][INFO] - val_subs:[1]
[2024-05-23 18:01:36,979][__main__][INFO] - fold:2
[2024-05-23 18:01:36,980][__main__][INFO] - train_subs:[0, 1, 3, 4, 5, 6, 7, 8, 9, 10, 11, 12, 13, 14]
[2024-05-23 18:01:36,980][__main__][INFO] - val_subs:[2]
[2024-05-23 18:03:51,943][__main__][INFO] - fold:3
[2024-05-23 18:03:51,944][__main__][INFO] - train_subs:[0, 1, 2, 4, 5, 6, 7, 8, 9, 10, 11, 12, 13, 14]
[2024-05-23 18:03:51,944][__main__][INFO] - val_subs:[3]
[2024-05-23 18:06:15,913][__main__][INFO] - fold:4
[2024-05-23 18:06:15,913][__main__][INFO] - train_subs:[0, 1, 2, 3, 5, 6, 7, 8, 9, 10, 11, 12, 13, 14]
[2024-05-23 18:06:15,913][__main__][INFO] - val_subs:[4]
[2024-05-23 18:08:38,602][__main__][INFO] - fold:5
[2024-05-23 18:08:38,602][__main__][INFO] - train_subs:[0, 1, 2, 3, 4, 6, 7, 8, 9, 10, 11, 12, 13, 14]
[2024-05-23 18:08:38,602][__main__][INFO] - val_subs:[5]
[2024-05-23 18:12:42,541][__main__][INFO] - fold:6
[2024-05-23 18:12:42,541][__main__][INFO] - train_subs:[0, 1, 2, 3, 4, 5, 7, 8, 9, 10, 11, 12, 13, 14]
[2024-05-23 18:12:42,542][__main__][INFO] - val_subs:[6]
[2024-05-23 18:15:54,482][__main__][INFO] - fold:7
[2024-05-23 18:15:54,482][__main__][INFO] - train_subs:[0, 1, 2, 3, 4, 5, 6, 8, 9, 10, 11, 12, 13, 14]
[2024-05-23 18:15:54,482][__main__][INFO] - val_subs:[7]
[2024-05-23 18:21:22,667][__main__][INFO] - fold:8
[2024-05-23 18:21:22,667][__main__][INFO] - train_subs:[0, 1, 2, 3, 4, 5, 6, 7, 9, 10, 11, 12, 13, 14]
[2024-05-23 18:21:22,667][__main__][INFO] - val_subs:[8]
[2024-05-23 18:26:58,743][__main__][INFO] - fold:9
[2024-05-23 18:26:58,744][__main__][INFO] - train_subs:[0, 1, 2, 3, 4, 5, 6, 7, 8, 10, 11, 12, 13, 14]
[2024-05-23 18:26:58,744][__main__][INFO] - val_subs:[9]
[2024-05-23 18:32:16,081][__main__][INFO] - fold:10
[2024-05-23 18:32:16,082][__main__][INFO] - train_subs:[0, 1, 2, 3, 4, 5, 6, 7, 8, 9, 11, 12, 13, 14]
[2024-05-23 18:32:16,082][__main__][INFO] - val_subs:[10]
[2024-05-23 18:36:46,136][__main__][INFO] - fold:11
[2024-05-23 18:36:46,137][__main__][INFO] - train_subs:[0, 1, 2, 3, 4, 5, 6, 7, 8, 9, 10, 12, 13, 14]
[2024-05-23 18:36:46,138][__main__][INFO] - val_subs:[11]
[2024-05-23 18:41:28,617][__main__][INFO] - fold:12
[2024-05-23 18:41:28,617][__main__][INFO] - train_subs:[0, 1, 2, 3, 4, 5, 6, 7, 8, 9, 10, 11, 13, 14]
[2024-05-23 18:41:28,617][__main__][INFO] - val_subs:[12]
[2024-05-23 18:48:28,451][__main__][INFO] - fold:13
[2024-05-23 18:48:28,451][__main__][INFO] - train_subs:[0, 1, 2, 3, 4, 5, 6, 7, 8, 9, 10, 11, 12, 14]
[2024-05-23 18:48:28,451][__main__][INFO] - val_subs:[13]
[2024-05-23 18:53:01,574][__main__][INFO] - fold:14
[2024-05-23 18:53:01,574][__main__][INFO] - train_subs:[0, 1, 2, 3, 4, 5, 6, 7, 8, 9, 10, 11, 12, 13]
[2024-05-23 18:53:01,575][__main__][INFO] - val_subs:[14]
[2024-05-23 18:57:22,949][__main__][INFO] - Best validation accuracies for each fold:
[2024-05-23 18:57:22,949][__main__][INFO] -     Fold 0: 89.32589721679688
[2024-05-23 18:57:22,949][__main__][INFO] -     Fold 1: 61.197532653808594
[2024-05-23 18:57:22,949][__main__][INFO] -     Fold 2: 70.70736694335938
[2024-05-23 18:57:22,949][__main__][INFO] -     Fold 3: 75.02201080322266
[2024-05-23 18:57:22,949][__main__][INFO] -     Fold 4: 62.50856018066406
[2024-05-23 18:57:22,949][__main__][INFO] -     Fold 5: 89.9324951171875
[2024-05-23 18:57:22,949][__main__][INFO] -     Fold 6: 81.04882049560547
[2024-05-23 18:57:22,950][__main__][INFO] -     Fold 7: 83.34800720214844
[2024-05-23 18:57:22,950][__main__][INFO] -     Fold 8: 97.76929473876953
[2024-05-23 18:57:22,950][__main__][INFO] -     Fold 9: 70.59974670410156
[2024-05-23 18:57:22,950][__main__][INFO] -     Fold 10: 81.97827911376953
[2024-05-23 18:57:22,950][__main__][INFO] -     Fold 11: 94.76567840576172
[2024-05-23 18:57:22,950][__main__][INFO] -     Fold 12: 88.14205932617188
[2024-05-23 18:57:22,950][__main__][INFO] -     Fold 13: 82.45768737792969
[2024-05-23 18:57:22,950][__main__][INFO] -     Fold 14: 83.75892639160156
[2024-05-23 18:57:22,950][__main__][INFO] - Average validation accuracy across all folds: 80.83749084472656
