[2024-05-30 12:17:26,695][__main__][INFO] - fold:0
[2024-05-30 12:17:26,695][__main__][INFO] - train_subs:[1, 2, 3, 4, 5, 6, 7, 8, 9, 10, 11, 12, 13, 14]
[2024-05-30 12:17:26,695][__main__][INFO] - val_subs:[0]
[2024-05-30 12:19:45,901][__main__][INFO] - fold:1
[2024-05-30 12:19:45,901][__main__][INFO] - train_subs:[0, 2, 3, 4, 5, 6, 7, 8, 9, 10, 11, 12, 13, 14]
[2024-05-30 12:19:45,901][__main__][INFO] - val_subs:[1]
[2024-05-30 12:22:30,964][__main__][INFO] - fold:2
[2024-05-30 12:22:30,964][__main__][INFO] - train_subs:[0, 1, 3, 4, 5, 6, 7, 8, 9, 10, 11, 12, 13, 14]
[2024-05-30 12:22:30,964][__main__][INFO] - val_subs:[2]
[2024-05-30 12:27:20,801][__main__][INFO] - fold:3
[2024-05-30 12:27:20,801][__main__][INFO] - train_subs:[0, 1, 2, 4, 5, 6, 7, 8, 9, 10, 11, 12, 13, 14]
[2024-05-30 12:27:20,802][__main__][INFO] - val_subs:[3]
[2024-05-30 12:29:45,519][__main__][INFO] - fold:4
[2024-05-30 12:29:45,519][__main__][INFO] - train_subs:[0, 1, 2, 3, 5, 6, 7, 8, 9, 10, 11, 12, 13, 14]
[2024-05-30 12:29:45,519][__main__][INFO] - val_subs:[4]
[2024-05-30 12:32:06,767][__main__][INFO] - fold:5
[2024-05-30 12:32:06,767][__main__][INFO] - train_subs:[0, 1, 2, 3, 4, 6, 7, 8, 9, 10, 11, 12, 13, 14]
[2024-05-30 12:32:06,768][__main__][INFO] - val_subs:[5]
[2024-05-30 12:36:37,627][__main__][INFO] - fold:6
[2024-05-30 12:36:37,627][__main__][INFO] - train_subs:[0, 1, 2, 3, 4, 5, 7, 8, 9, 10, 11, 12, 13, 14]
[2024-05-30 12:36:37,627][__main__][INFO] - val_subs:[6]
[2024-05-30 12:43:28,845][__main__][INFO] - fold:7
[2024-05-30 12:43:28,846][__main__][INFO] - train_subs:[0, 1, 2, 3, 4, 5, 6, 8, 9, 10, 11, 12, 13, 14]
[2024-05-30 12:43:28,846][__main__][INFO] - val_subs:[7]
[2024-05-30 12:48:41,567][__main__][INFO] - fold:8
[2024-05-30 12:48:41,567][__main__][INFO] - train_subs:[0, 1, 2, 3, 4, 5, 6, 7, 9, 10, 11, 12, 13, 14]
[2024-05-30 12:48:41,567][__main__][INFO] - val_subs:[8]
[2024-05-30 12:55:38,184][__main__][INFO] - fold:9
[2024-05-30 12:55:38,184][__main__][INFO] - train_subs:[0, 1, 2, 3, 4, 5, 6, 7, 8, 10, 11, 12, 13, 14]
[2024-05-30 12:55:38,184][__main__][INFO] - val_subs:[9]
[2024-05-30 13:02:37,970][__main__][INFO] - fold:10
[2024-05-30 13:02:37,970][__main__][INFO] - train_subs:[0, 1, 2, 3, 4, 5, 6, 7, 8, 9, 11, 12, 13, 14]
[2024-05-30 13:02:37,971][__main__][INFO] - val_subs:[10]
[2024-05-30 13:07:00,205][__main__][INFO] - fold:11
[2024-05-30 13:07:00,205][__main__][INFO] - train_subs:[0, 1, 2, 3, 4, 5, 6, 7, 8, 9, 10, 12, 13, 14]
[2024-05-30 13:07:00,206][__main__][INFO] - val_subs:[11]
[2024-05-30 13:13:10,707][__main__][INFO] - fold:12
[2024-05-30 13:13:10,707][__main__][INFO] - train_subs:[0, 1, 2, 3, 4, 5, 6, 7, 8, 9, 10, 11, 13, 14]
[2024-05-30 13:13:10,707][__main__][INFO] - val_subs:[12]
[2024-05-30 13:20:00,603][__main__][INFO] - Best validation accuracies for each fold:
[2024-05-30 13:20:00,603][__main__][INFO] -     Fold 0: 83.80784606933594
[2024-05-30 13:20:00,603][__main__][INFO] -     Fold 1: 56.57958984375
[2024-05-30 13:20:00,603][__main__][INFO] -     Fold 2: 77.93757629394531
[2024-05-30 13:20:00,603][__main__][INFO] -     Fold 3: 87.69200897216797
[2024-05-30 13:20:00,603][__main__][INFO] -     Fold 4: 61.598670959472656
[2024-05-30 13:20:00,603][__main__][INFO] -     Fold 5: 89.26719665527344
[2024-05-30 13:20:00,603][__main__][INFO] -     Fold 6: 81.67498016357422
[2024-05-30 13:20:00,603][__main__][INFO] -     Fold 7: 80.9314193725586
[2024-05-30 13:20:00,603][__main__][INFO] -     Fold 8: 97.98454284667969
[2024-05-30 13:20:00,604][__main__][INFO] -     Fold 9: 71.02044677734375
[2024-05-30 13:20:00,604][__main__][INFO] -     Fold 10: 82.65335845947266
[2024-05-30 13:20:00,604][__main__][INFO] -     Fold 11: 97.42686462402344
[2024-05-30 13:20:00,604][__main__][INFO] -     Fold 12: 80.82379150390625
[2024-05-30 13:20:00,604][__main__][INFO] - Average validation accuracy across all folds: 80.72294558011569
