[2024-05-23 20:02:57,289][__main__][INFO] - fold:0
[2024-05-23 20:02:57,289][__main__][INFO] - train_subs:[1, 2, 3, 4, 5, 6, 7, 8, 9, 10, 11, 12, 13, 14]
[2024-05-23 20:02:57,289][__main__][INFO] - val_subs:[0]
[2024-05-23 20:07:35,700][__main__][INFO] - fold:1
[2024-05-23 20:07:35,700][__main__][INFO] - train_subs:[0, 2, 3, 4, 5, 6, 7, 8, 9, 10, 11, 12, 13, 14]
[2024-05-23 20:07:35,700][__main__][INFO] - val_subs:[1]
[2024-05-23 20:09:53,764][__main__][INFO] - fold:2
[2024-05-23 20:09:53,764][__main__][INFO] - train_subs:[0, 1, 3, 4, 5, 6, 7, 8, 9, 10, 11, 12, 13, 14]
[2024-05-23 20:09:53,765][__main__][INFO] - val_subs:[2]
[2024-05-23 20:14:21,798][__main__][INFO] - fold:3
[2024-05-23 20:14:21,799][__main__][INFO] - train_subs:[0, 1, 2, 4, 5, 6, 7, 8, 9, 10, 11, 12, 13, 14]
[2024-05-23 20:14:21,800][__main__][INFO] - val_subs:[3]
[2024-05-23 20:26:12,968][__main__][INFO] - fold:4
[2024-05-23 20:26:12,969][__main__][INFO] - train_subs:[0, 1, 2, 3, 5, 6, 7, 8, 9, 10, 11, 12, 13, 14]
[2024-05-23 20:26:12,969][__main__][INFO] - val_subs:[4]
[2024-05-23 20:28:31,541][__main__][INFO] - fold:5
[2024-05-23 20:28:31,541][__main__][INFO] - train_subs:[0, 1, 2, 3, 4, 6, 7, 8, 9, 10, 11, 12, 13, 14]
[2024-05-23 20:28:31,541][__main__][INFO] - val_subs:[5]
[2024-05-23 20:31:49,633][__main__][INFO] - fold:6
[2024-05-23 20:31:49,634][__main__][INFO] - train_subs:[0, 1, 2, 3, 4, 5, 7, 8, 9, 10, 11, 12, 13, 14]
[2024-05-23 20:31:49,634][__main__][INFO] - val_subs:[6]
[2024-05-23 20:34:07,983][__main__][INFO] - fold:7
[2024-05-23 20:34:07,983][__main__][INFO] - train_subs:[0, 1, 2, 3, 4, 5, 6, 8, 9, 10, 11, 12, 13, 14]
[2024-05-23 20:34:07,983][__main__][INFO] - val_subs:[7]
[2024-05-23 20:37:31,696][__main__][INFO] - fold:8
[2024-05-23 20:37:31,696][__main__][INFO] - train_subs:[0, 1, 2, 3, 4, 5, 6, 7, 9, 10, 11, 12, 13, 14]
[2024-05-23 20:37:31,696][__main__][INFO] - val_subs:[8]
[2024-05-23 20:43:03,341][__main__][INFO] - fold:9
[2024-05-23 20:43:03,342][__main__][INFO] - train_subs:[0, 1, 2, 3, 4, 5, 6, 7, 8, 10, 11, 12, 13, 14]
[2024-05-23 20:43:03,343][__main__][INFO] - val_subs:[9]
[2024-05-23 20:48:50,661][__main__][INFO] - fold:10
[2024-05-23 20:48:50,662][__main__][INFO] - train_subs:[0, 1, 2, 3, 4, 5, 6, 7, 8, 9, 11, 12, 13, 14]
[2024-05-23 20:48:50,662][__main__][INFO] - val_subs:[10]
[2024-05-23 20:51:06,128][__main__][INFO] - fold:11
[2024-05-23 20:51:06,128][__main__][INFO] - train_subs:[0, 1, 2, 3, 4, 5, 6, 7, 8, 9, 10, 12, 13, 14]
[2024-05-23 20:51:06,128][__main__][INFO] - val_subs:[11]
[2024-05-23 20:53:55,406][__main__][INFO] - fold:12
[2024-05-23 20:53:55,406][__main__][INFO] - train_subs:[0, 1, 2, 3, 4, 5, 6, 7, 8, 9, 10, 11, 13, 14]
[2024-05-23 20:53:55,407][__main__][INFO] - val_subs:[12]
[2024-05-23 20:57:22,805][__main__][INFO] - fold:13
[2024-05-23 20:57:22,805][__main__][INFO] - train_subs:[0, 1, 2, 3, 4, 5, 6, 7, 8, 9, 10, 11, 12, 14]
[2024-05-23 20:57:22,805][__main__][INFO] - val_subs:[13]
[2024-05-23 20:59:43,095][__main__][INFO] - fold:14
[2024-05-23 20:59:43,095][__main__][INFO] - train_subs:[0, 1, 2, 3, 4, 5, 6, 7, 8, 9, 10, 11, 12, 13]
[2024-05-23 20:59:43,096][__main__][INFO] - val_subs:[14]
[2024-05-23 21:01:54,590][__main__][INFO] - Best validation accuracies for each fold:
[2024-05-23 21:01:54,591][__main__][INFO] -     Fold 0: 89.48243713378906
[2024-05-23 21:01:54,591][__main__][INFO] -     Fold 1: 61.1192626953125
[2024-05-23 21:01:54,591][__main__][INFO] -     Fold 2: 69.46482849121094
[2024-05-23 21:01:54,591][__main__][INFO] -     Fold 3: 74.77742004394531
[2024-05-23 21:01:54,591][__main__][INFO] -     Fold 4: 64.04461669921875
[2024-05-23 21:01:54,591][__main__][INFO] -     Fold 5: 86.74298095703125
[2024-05-23 21:01:54,591][__main__][INFO] -     Fold 6: 79.32687377929688
[2024-05-23 21:01:54,591][__main__][INFO] -     Fold 7: 81.88043975830078
[2024-05-23 21:01:54,591][__main__][INFO] -     Fold 8: 95.70491790771484
[2024-05-23 21:01:54,591][__main__][INFO] -     Fold 9: 68.53536987304688
[2024-05-23 21:01:54,591][__main__][INFO] -     Fold 10: 80.25633239746094
[2024-05-23 21:01:54,591][__main__][INFO] -     Fold 11: 96.29194641113281
[2024-05-23 21:01:54,592][__main__][INFO] -     Fold 12: 84.69817352294922
[2024-05-23 21:01:54,592][__main__][INFO] -     Fold 13: 81.55757904052734
[2024-05-23 21:01:54,592][__main__][INFO] -     Fold 14: 83.00557708740234
[2024-05-23 21:01:54,592][__main__][INFO] - Average validation accuracy across all folds: 79.79258371988932
