[2024-05-23 09:46:03,885][__main__][INFO] - fold:0
[2024-05-23 09:46:03,886][__main__][INFO] - train_subs:[1, 2, 3, 4, 5, 6, 7, 8, 9, 10, 11, 12, 13, 14]
[2024-05-23 09:46:03,886][__main__][INFO] - val_subs:[0]
[2024-05-23 09:46:06,371][__main__][INFO] - normTrain
[2024-05-23 09:46:22,024][__main__][INFO] - load model:/home/ncclab/shenxinke/att_model/CLISA_Hydra/clisa_run/SEED/2024-05-19/14-23-10_run3/clisa_cp/SEED/_r3_f0_best.ckpt
[2024-05-23 09:46:56,286][__main__][INFO] - no inf
[2024-05-23 09:46:56,311][__main__][INFO] - no nan
[2024-05-23 09:46:56,311][__main__][INFO] - running norm:
[2024-05-23 09:46:59,410][__main__][INFO] - no inf
[2024-05-23 09:46:59,435][__main__][INFO] - no nan
[2024-05-23 09:46:59,435][__main__][INFO] - LDS:
[2024-05-23 10:02:48,943][__main__][INFO] - no inf
[2024-05-23 10:02:48,968][__main__][INFO] - no nan
[2024-05-23 10:02:50,843][__main__][INFO] - fold:1
[2024-05-23 10:02:50,843][__main__][INFO] - train_subs:[0, 2, 3, 4, 5, 6, 7, 8, 9, 10, 11, 12, 13, 14]
[2024-05-23 10:02:50,843][__main__][INFO] - val_subs:[1]
[2024-05-23 10:02:53,327][__main__][INFO] - normTrain
[2024-05-23 10:03:08,232][__main__][INFO] - load model:/home/ncclab/shenxinke/att_model/CLISA_Hydra/clisa_run/SEED/2024-05-19/14-23-10_run3/clisa_cp/SEED/_r3_f1_best.ckpt
[2024-05-23 10:03:51,413][__main__][INFO] - no inf
[2024-05-23 10:03:51,436][__main__][INFO] - no nan
[2024-05-23 10:03:51,436][__main__][INFO] - running norm:
[2024-05-23 10:03:54,527][__main__][INFO] - no inf
[2024-05-23 10:03:54,549][__main__][INFO] - no nan
[2024-05-23 10:03:54,549][__main__][INFO] - LDS:
[2024-05-23 10:19:47,543][__main__][INFO] - no inf
[2024-05-23 10:19:47,565][__main__][INFO] - no nan
[2024-05-23 10:19:49,436][__main__][INFO] - fold:2
[2024-05-23 10:19:49,436][__main__][INFO] - train_subs:[0, 1, 3, 4, 5, 6, 7, 8, 9, 10, 11, 12, 13, 14]
[2024-05-23 10:19:49,437][__main__][INFO] - val_subs:[2]
[2024-05-23 10:19:51,888][__main__][INFO] - normTrain
[2024-05-23 10:20:08,500][__main__][INFO] - load model:/home/ncclab/shenxinke/att_model/CLISA_Hydra/clisa_run/SEED/2024-05-19/14-23-10_run3/clisa_cp/SEED/_r3_f2_best.ckpt
[2024-05-23 10:20:52,650][__main__][INFO] - no inf
[2024-05-23 10:20:52,679][__main__][INFO] - no nan
[2024-05-23 10:20:52,680][__main__][INFO] - running norm:
[2024-05-23 10:20:55,892][__main__][INFO] - no inf
[2024-05-23 10:20:55,921][__main__][INFO] - no nan
[2024-05-23 10:20:55,921][__main__][INFO] - LDS:
[2024-05-23 10:36:46,194][__main__][INFO] - no inf
[2024-05-23 10:36:46,223][__main__][INFO] - no nan
[2024-05-23 10:36:48,139][__main__][INFO] - fold:3
[2024-05-23 10:36:48,140][__main__][INFO] - train_subs:[0, 1, 2, 4, 5, 6, 7, 8, 9, 10, 11, 12, 13, 14]
[2024-05-23 10:36:48,140][__main__][INFO] - val_subs:[3]
[2024-05-23 10:36:50,566][__main__][INFO] - normTrain
[2024-05-23 10:37:05,737][__main__][INFO] - load model:/home/ncclab/shenxinke/att_model/CLISA_Hydra/clisa_run/SEED/2024-05-19/14-23-10_run3/clisa_cp/SEED/_r3_f3_best.ckpt
[2024-05-23 10:37:49,505][__main__][INFO] - no inf
[2024-05-23 10:37:49,531][__main__][INFO] - no nan
[2024-05-23 10:37:49,531][__main__][INFO] - running norm:
[2024-05-23 10:37:52,759][__main__][INFO] - no inf
[2024-05-23 10:37:52,783][__main__][INFO] - no nan
[2024-05-23 10:37:52,784][__main__][INFO] - LDS:
[2024-05-23 10:53:49,267][__main__][INFO] - no inf
[2024-05-23 10:53:49,291][__main__][INFO] - no nan
[2024-05-23 10:53:53,914][__main__][INFO] - fold:4
[2024-05-23 10:53:53,914][__main__][INFO] - train_subs:[0, 1, 2, 3, 5, 6, 7, 8, 9, 10, 11, 12, 13, 14]
[2024-05-23 10:53:53,915][__main__][INFO] - val_subs:[4]
[2024-05-23 10:53:56,357][__main__][INFO] - normTrain
[2024-05-23 10:54:12,293][__main__][INFO] - load model:/home/ncclab/shenxinke/att_model/CLISA_Hydra/clisa_run/SEED/2024-05-19/14-23-10_run3/clisa_cp/SEED/_r3_f4_best.ckpt
[2024-05-23 10:54:57,254][__main__][INFO] - no inf
[2024-05-23 10:54:57,281][__main__][INFO] - no nan
[2024-05-23 10:54:57,281][__main__][INFO] - running norm:
[2024-05-23 10:55:00,458][__main__][INFO] - no inf
[2024-05-23 10:55:00,484][__main__][INFO] - no nan
[2024-05-23 10:55:00,485][__main__][INFO] - LDS:
[2024-05-23 11:10:55,510][__main__][INFO] - no inf
[2024-05-23 11:10:55,537][__main__][INFO] - no nan
[2024-05-23 11:10:57,444][__main__][INFO] - fold:5
[2024-05-23 11:10:57,445][__main__][INFO] - train_subs:[0, 1, 2, 3, 4, 6, 7, 8, 9, 10, 11, 12, 13, 14]
[2024-05-23 11:10:57,445][__main__][INFO] - val_subs:[5]
[2024-05-23 11:10:59,906][__main__][INFO] - normTrain
[2024-05-23 11:11:15,987][__main__][INFO] - load model:/home/ncclab/shenxinke/att_model/CLISA_Hydra/clisa_run/SEED/2024-05-19/14-23-10_run3/clisa_cp/SEED/_r3_f5_best.ckpt
[2024-05-23 11:11:59,496][__main__][INFO] - no inf
[2024-05-23 11:11:59,521][__main__][INFO] - no nan
[2024-05-23 11:11:59,522][__main__][INFO] - running norm:
[2024-05-23 11:12:02,656][__main__][INFO] - no inf
[2024-05-23 11:12:02,681][__main__][INFO] - no nan
[2024-05-23 11:12:02,681][__main__][INFO] - LDS:
[2024-05-23 11:28:01,402][__main__][INFO] - no inf
[2024-05-23 11:28:01,427][__main__][INFO] - no nan
[2024-05-23 11:28:03,291][__main__][INFO] - fold:6
[2024-05-23 11:28:03,291][__main__][INFO] - train_subs:[0, 1, 2, 3, 4, 5, 7, 8, 9, 10, 11, 12, 13, 14]
[2024-05-23 11:28:03,293][__main__][INFO] - val_subs:[6]
[2024-05-23 11:28:05,677][__main__][INFO] - normTrain
[2024-05-23 11:28:19,524][__main__][INFO] - load model:/home/ncclab/shenxinke/att_model/CLISA_Hydra/clisa_run/SEED/2024-05-19/14-23-10_run3/clisa_cp/SEED/_r3_f6_best.ckpt
[2024-05-23 11:29:02,545][__main__][INFO] - no inf
[2024-05-23 11:29:02,566][__main__][INFO] - no nan
[2024-05-23 11:29:02,566][__main__][INFO] - running norm:
[2024-05-23 11:29:05,694][__main__][INFO] - no inf
[2024-05-23 11:29:05,715][__main__][INFO] - no nan
[2024-05-23 11:29:05,715][__main__][INFO] - LDS:
[2024-05-23 11:44:58,931][__main__][INFO] - no inf
[2024-05-23 11:44:58,952][__main__][INFO] - no nan
[2024-05-23 11:45:00,814][__main__][INFO] - fold:7
[2024-05-23 11:45:00,814][__main__][INFO] - train_subs:[0, 1, 2, 3, 4, 5, 6, 8, 9, 10, 11, 12, 13, 14]
[2024-05-23 11:45:00,814][__main__][INFO] - val_subs:[7]
[2024-05-23 11:45:03,264][__main__][INFO] - normTrain
[2024-05-23 11:45:18,735][__main__][INFO] - load model:/home/ncclab/shenxinke/att_model/CLISA_Hydra/clisa_run/SEED/2024-05-19/14-23-10_run3/clisa_cp/SEED/_r3_f7_best.ckpt
[2024-05-23 11:46:03,744][__main__][INFO] - no inf
[2024-05-23 11:46:03,769][__main__][INFO] - no nan
[2024-05-23 11:46:03,769][__main__][INFO] - running norm:
[2024-05-23 11:46:06,965][__main__][INFO] - no inf
[2024-05-23 11:46:06,990][__main__][INFO] - no nan
[2024-05-23 11:46:06,990][__main__][INFO] - LDS:
[2024-05-23 12:02:07,743][__main__][INFO] - no inf
[2024-05-23 12:02:07,768][__main__][INFO] - no nan
[2024-05-23 12:02:09,632][__main__][INFO] - fold:8
[2024-05-23 12:02:09,632][__main__][INFO] - train_subs:[0, 1, 2, 3, 4, 5, 6, 7, 9, 10, 11, 12, 13, 14]
[2024-05-23 12:02:09,632][__main__][INFO] - val_subs:[8]
[2024-05-23 12:02:12,075][__main__][INFO] - normTrain
[2024-05-23 12:02:28,682][__main__][INFO] - load model:/home/ncclab/shenxinke/att_model/CLISA_Hydra/clisa_run/SEED/2024-05-19/14-23-10_run3/clisa_cp/SEED/_r3_f8_best.ckpt
[2024-05-23 12:03:13,350][__main__][INFO] - no inf
[2024-05-23 12:03:13,379][__main__][INFO] - no nan
[2024-05-23 12:03:13,379][__main__][INFO] - running norm:
[2024-05-23 12:03:16,568][__main__][INFO] - no inf
[2024-05-23 12:03:16,596][__main__][INFO] - no nan
[2024-05-23 12:03:16,597][__main__][INFO] - LDS:
[2024-05-23 12:19:16,258][__main__][INFO] - no inf
[2024-05-23 12:19:16,287][__main__][INFO] - no nan
[2024-05-23 12:19:18,294][__main__][INFO] - fold:9
[2024-05-23 12:19:18,294][__main__][INFO] - train_subs:[0, 1, 2, 3, 4, 5, 6, 7, 8, 10, 11, 12, 13, 14]
[2024-05-23 12:19:18,295][__main__][INFO] - val_subs:[9]
[2024-05-23 12:19:20,797][__main__][INFO] - normTrain
[2024-05-23 12:19:36,298][__main__][INFO] - load model:/home/ncclab/shenxinke/att_model/CLISA_Hydra/clisa_run/SEED/2024-05-19/14-23-10_run3/clisa_cp/SEED/_r3_f9_best.ckpt
[2024-05-23 12:20:20,755][__main__][INFO] - no inf
[2024-05-23 12:20:20,779][__main__][INFO] - no nan
[2024-05-23 12:20:20,779][__main__][INFO] - running norm:
[2024-05-23 12:20:23,937][__main__][INFO] - no inf
[2024-05-23 12:20:23,961][__main__][INFO] - no nan
[2024-05-23 12:20:23,961][__main__][INFO] - LDS:
[2024-05-23 12:36:18,598][__main__][INFO] - no inf
[2024-05-23 12:36:18,623][__main__][INFO] - no nan
[2024-05-23 12:36:20,493][__main__][INFO] - fold:10
[2024-05-23 12:36:20,493][__main__][INFO] - train_subs:[0, 1, 2, 3, 4, 5, 6, 7, 8, 9, 11, 12, 13, 14]
[2024-05-23 12:36:20,493][__main__][INFO] - val_subs:[10]
[2024-05-23 12:36:22,985][__main__][INFO] - normTrain
[2024-05-23 12:36:38,991][__main__][INFO] - load model:/home/ncclab/shenxinke/att_model/CLISA_Hydra/clisa_run/SEED/2024-05-19/14-23-10_run3/clisa_cp/SEED/_r3_f10_best.ckpt
[2024-05-23 12:37:24,551][__main__][INFO] - no inf
[2024-05-23 12:37:24,576][__main__][INFO] - no nan
[2024-05-23 12:37:24,577][__main__][INFO] - running norm:
[2024-05-23 12:37:27,682][__main__][INFO] - no inf
[2024-05-23 12:37:27,708][__main__][INFO] - no nan
[2024-05-23 12:37:27,708][__main__][INFO] - LDS:
[2024-05-23 12:53:23,816][__main__][INFO] - no inf
[2024-05-23 12:53:23,842][__main__][INFO] - no nan
[2024-05-23 12:53:25,664][__main__][INFO] - fold:11
[2024-05-23 12:53:25,664][__main__][INFO] - train_subs:[0, 1, 2, 3, 4, 5, 6, 7, 8, 9, 10, 12, 13, 14]
[2024-05-23 12:53:25,664][__main__][INFO] - val_subs:[11]
[2024-05-23 12:53:28,117][__main__][INFO] - normTrain
[2024-05-23 12:53:45,147][__main__][INFO] - load model:/home/ncclab/shenxinke/att_model/CLISA_Hydra/clisa_run/SEED/2024-05-19/14-23-10_run3/clisa_cp/SEED/_r3_f11_best.ckpt
[2024-05-23 12:54:29,510][__main__][INFO] - no inf
[2024-05-23 12:54:29,539][__main__][INFO] - no nan
[2024-05-23 12:54:29,540][__main__][INFO] - running norm:
[2024-05-23 12:54:32,764][__main__][INFO] - no inf
[2024-05-23 12:54:32,793][__main__][INFO] - no nan
[2024-05-23 12:54:32,793][__main__][INFO] - LDS:
[2024-05-23 13:10:27,393][__main__][INFO] - no inf
[2024-05-23 13:10:27,423][__main__][INFO] - no nan
[2024-05-23 13:10:31,077][__main__][INFO] - fold:12
[2024-05-23 13:10:31,077][__main__][INFO] - train_subs:[0, 1, 2, 3, 4, 5, 6, 7, 8, 9, 10, 11, 13, 14]
[2024-05-23 13:10:31,077][__main__][INFO] - val_subs:[12]
[2024-05-23 13:10:33,528][__main__][INFO] - normTrain
[2024-05-23 13:10:50,495][__main__][INFO] - load model:/home/ncclab/shenxinke/att_model/CLISA_Hydra/clisa_run/SEED/2024-05-19/14-23-10_run3/clisa_cp/SEED/_r3_f12_best.ckpt
[2024-05-23 13:11:35,414][__main__][INFO] - no inf
[2024-05-23 13:11:35,443][__main__][INFO] - no nan
[2024-05-23 13:11:35,444][__main__][INFO] - running norm:
[2024-05-23 13:11:38,560][__main__][INFO] - no inf
[2024-05-23 13:11:38,589][__main__][INFO] - no nan
[2024-05-23 13:11:38,589][__main__][INFO] - LDS:
[2024-05-23 13:27:35,364][__main__][INFO] - no inf
[2024-05-23 13:27:35,393][__main__][INFO] - no nan
[2024-05-23 13:27:37,594][__main__][INFO] - fold:13
[2024-05-23 13:27:37,594][__main__][INFO] - train_subs:[0, 1, 2, 3, 4, 5, 6, 7, 8, 9, 10, 11, 12, 14]
[2024-05-23 13:27:37,595][__main__][INFO] - val_subs:[13]
[2024-05-23 13:27:40,000][__main__][INFO] - normTrain
[2024-05-23 13:27:55,924][__main__][INFO] - load model:/home/ncclab/shenxinke/att_model/CLISA_Hydra/clisa_run/SEED/2024-05-19/14-23-10_run3/clisa_cp/SEED/_r3_f13_best.ckpt
[2024-05-23 13:28:41,417][__main__][INFO] - no inf
[2024-05-23 13:28:41,444][__main__][INFO] - no nan
[2024-05-23 13:28:41,444][__main__][INFO] - running norm:
[2024-05-23 13:28:44,582][__main__][INFO] - no inf
[2024-05-23 13:28:44,608][__main__][INFO] - no nan
[2024-05-23 13:28:44,608][__main__][INFO] - LDS:
[2024-05-23 13:44:40,119][__main__][INFO] - no inf
[2024-05-23 13:44:40,145][__main__][INFO] - no nan
[2024-05-23 13:44:43,074][__main__][INFO] - fold:14
[2024-05-23 13:44:43,074][__main__][INFO] - train_subs:[0, 1, 2, 3, 4, 5, 6, 7, 8, 9, 10, 11, 12, 13]
[2024-05-23 13:44:43,074][__main__][INFO] - val_subs:[14]
[2024-05-23 13:44:45,452][__main__][INFO] - normTrain
[2024-05-23 13:44:59,305][__main__][INFO] - load model:/home/ncclab/shenxinke/att_model/CLISA_Hydra/clisa_run/SEED/2024-05-19/14-23-10_run3/clisa_cp/SEED/_r3_f14_best.ckpt
[2024-05-23 13:45:41,612][__main__][INFO] - no inf
[2024-05-23 13:45:41,633][__main__][INFO] - no nan
[2024-05-23 13:45:41,634][__main__][INFO] - running norm:
[2024-05-23 13:45:44,712][__main__][INFO] - no inf
[2024-05-23 13:45:44,733][__main__][INFO] - no nan
[2024-05-23 13:45:44,733][__main__][INFO] - LDS:
[2024-05-23 14:01:42,476][__main__][INFO] - no inf
[2024-05-23 14:01:42,496][__main__][INFO] - no nan
