[2024-05-16 15:47:24,719][__main__][INFO] - fold:0
[2024-05-16 15:47:24,720][__main__][INFO] - train_subs:[1, 2, 3, 4, 5, 6, 7, 8, 9, 10, 11, 12, 13, 14, 15, 16, 17, 18, 19, 20, 21, 22, 23, 24, 25, 26, 27, 28, 29, 30, 31, 32, 33, 34, 35, 36, 37, 38, 39, 40, 41, 42, 43, 44, 45, 46, 47, 48, 49, 50, 51, 52, 53, 54, 55, 56, 57, 58, 59, 60, 61, 62, 63, 64, 65, 66, 67, 68, 69, 70, 71, 72, 73, 74, 75, 76, 77, 78, 79, 80, 81, 82, 83, 84, 85, 86, 87, 88, 89, 90, 91, 92, 93, 94, 95, 96, 97, 98, 99, 100, 101, 102, 103, 104, 105, 106, 107, 108, 109, 110, 111, 112, 113, 114, 115, 116, 117, 118, 119, 120, 121, 122]
[2024-05-16 15:47:24,720][__main__][INFO] - val_subs:[0]
[2024-05-16 15:47:25,653][__main__][INFO] - normTrain
[2024-05-16 15:47:31,224][__main__][INFO] - load model:/home/ncclab/shenxinke/att_model/CLISA_Hydra/params/FACEDnewdata/FACEDnewdata/segatt_15_r13_f0_best.ckpt
[2024-05-16 15:47:55,216][__main__][INFO] - no inf
[2024-05-16 15:47:55,233][__main__][INFO] - no nan
[2024-05-16 15:48:19,173][__main__][INFO] - running norm:
[2024-05-16 15:48:21,497][__main__][INFO] - no inf
[2024-05-16 15:48:21,517][__main__][INFO] - no nan
[2024-05-16 15:48:21,562][__main__][INFO] - LDS:
[2024-05-16 15:59:47,117][__main__][INFO] - no inf
[2024-05-16 15:59:47,150][__main__][INFO] - no nan
[2024-05-16 15:59:52,224][__main__][INFO] - fold:1
[2024-05-16 15:59:52,225][__main__][INFO] - train_subs:[0, 2, 3, 4, 5, 6, 7, 8, 9, 10, 11, 12, 13, 14, 15, 16, 17, 18, 19, 20, 21, 22, 23, 24, 25, 26, 27, 28, 29, 30, 31, 32, 33, 34, 35, 36, 37, 38, 39, 40, 41, 42, 43, 44, 45, 46, 47, 48, 49, 50, 51, 52, 53, 54, 55, 56, 57, 58, 59, 60, 61, 62, 63, 64, 65, 66, 67, 68, 69, 70, 71, 72, 73, 74, 75, 76, 77, 78, 79, 80, 81, 82, 83, 84, 85, 86, 87, 88, 89, 90, 91, 92, 93, 94, 95, 96, 97, 98, 99, 100, 101, 102, 103, 104, 105, 106, 107, 108, 109, 110, 111, 112, 113, 114, 115, 116, 117, 118, 119, 120, 121, 122]
[2024-05-16 15:59:52,225][__main__][INFO] - val_subs:[1]
[2024-05-16 15:59:53,166][__main__][INFO] - normTrain
[2024-05-16 15:59:58,967][__main__][INFO] - load model:/home/ncclab/shenxinke/att_model/CLISA_Hydra/params/FACEDnewdata/FACEDnewdata/segatt_15_r13_f1_best.ckpt
[2024-05-16 16:00:32,913][__main__][INFO] - no inf
[2024-05-16 16:00:32,931][__main__][INFO] - no nan
[2024-05-16 16:00:50,888][__main__][INFO] - running norm:
[2024-05-16 16:00:53,161][__main__][INFO] - no inf
[2024-05-16 16:00:53,175][__main__][INFO] - no nan
[2024-05-16 16:00:53,233][__main__][INFO] - LDS:
