[2024-05-23 14:01:57,279][__main__][INFO] - fold:0
[2024-05-23 14:01:57,279][__main__][INFO] - train_subs:[1, 2, 3, 4, 5, 6, 7, 8, 9, 10, 11, 12, 13, 14]
[2024-05-23 14:01:57,280][__main__][INFO] - val_subs:[0]
[2024-05-23 14:04:38,594][__main__][INFO] - fold:1
[2024-05-23 14:04:38,595][__main__][INFO] - train_subs:[0, 2, 3, 4, 5, 6, 7, 8, 9, 10, 11, 12, 13, 14]
[2024-05-23 14:04:38,595][__main__][INFO] - val_subs:[1]
[2024-05-23 14:06:54,507][__main__][INFO] - fold:2
[2024-05-23 14:06:54,508][__main__][INFO] - train_subs:[0, 1, 3, 4, 5, 6, 7, 8, 9, 10, 11, 12, 13, 14]
[2024-05-23 14:06:54,508][__main__][INFO] - val_subs:[2]
[2024-05-23 14:09:10,069][__main__][INFO] - fold:3
[2024-05-23 14:09:10,069][__main__][INFO] - train_subs:[0, 1, 2, 4, 5, 6, 7, 8, 9, 10, 11, 12, 13, 14]
[2024-05-23 14:09:10,070][__main__][INFO] - val_subs:[3]
[2024-05-23 14:11:30,300][__main__][INFO] - fold:4
[2024-05-23 14:11:30,300][__main__][INFO] - train_subs:[0, 1, 2, 3, 5, 6, 7, 8, 9, 10, 11, 12, 13, 14]
[2024-05-23 14:11:30,300][__main__][INFO] - val_subs:[4]
[2024-05-23 14:13:51,268][__main__][INFO] - fold:5
[2024-05-23 14:13:51,268][__main__][INFO] - train_subs:[0, 1, 2, 3, 4, 6, 7, 8, 9, 10, 11, 12, 13, 14]
[2024-05-23 14:13:51,269][__main__][INFO] - val_subs:[5]
[2024-05-23 14:18:01,489][__main__][INFO] - fold:6
[2024-05-23 14:18:01,489][__main__][INFO] - train_subs:[0, 1, 2, 3, 4, 5, 7, 8, 9, 10, 11, 12, 13, 14]
[2024-05-23 14:18:01,490][__main__][INFO] - val_subs:[6]
[2024-05-23 14:20:22,437][__main__][INFO] - fold:7
[2024-05-23 14:20:22,438][__main__][INFO] - train_subs:[0, 1, 2, 3, 4, 5, 6, 8, 9, 10, 11, 12, 13, 14]
[2024-05-23 14:20:22,438][__main__][INFO] - val_subs:[7]
[2024-05-23 14:22:50,786][__main__][INFO] - fold:8
[2024-05-23 14:22:50,786][__main__][INFO] - train_subs:[0, 1, 2, 3, 4, 5, 6, 7, 9, 10, 11, 12, 13, 14]
[2024-05-23 14:22:50,787][__main__][INFO] - val_subs:[8]
[2024-05-23 14:26:57,980][__main__][INFO] - fold:9
[2024-05-23 14:26:57,980][__main__][INFO] - train_subs:[0, 1, 2, 3, 4, 5, 6, 7, 8, 10, 11, 12, 13, 14]
[2024-05-23 14:26:57,980][__main__][INFO] - val_subs:[9]
[2024-05-23 14:29:56,017][__main__][INFO] - fold:10
[2024-05-23 14:29:56,017][__main__][INFO] - train_subs:[0, 1, 2, 3, 4, 5, 6, 7, 8, 9, 11, 12, 13, 14]
[2024-05-23 14:29:56,018][__main__][INFO] - val_subs:[10]
[2024-05-23 14:32:20,499][__main__][INFO] - fold:11
[2024-05-23 14:32:20,499][__main__][INFO] - train_subs:[0, 1, 2, 3, 4, 5, 6, 7, 8, 9, 10, 12, 13, 14]
[2024-05-23 14:32:20,499][__main__][INFO] - val_subs:[11]
[2024-05-23 14:34:45,388][__main__][INFO] - fold:12
[2024-05-23 14:34:45,389][__main__][INFO] - train_subs:[0, 1, 2, 3, 4, 5, 6, 7, 8, 9, 10, 11, 13, 14]
[2024-05-23 14:34:45,389][__main__][INFO] - val_subs:[12]
[2024-05-23 14:40:37,462][__main__][INFO] - fold:13
[2024-05-23 14:40:37,462][__main__][INFO] - train_subs:[0, 1, 2, 3, 4, 5, 6, 7, 8, 9, 10, 11, 12, 14]
[2024-05-23 14:40:37,462][__main__][INFO] - val_subs:[13]
[2024-05-23 14:42:56,626][__main__][INFO] - fold:14
[2024-05-23 14:42:56,626][__main__][INFO] - train_subs:[0, 1, 2, 3, 4, 5, 6, 7, 8, 9, 10, 11, 12, 13]
[2024-05-23 14:42:56,626][__main__][INFO] - val_subs:[14]
[2024-05-23 14:45:07,185][__main__][INFO] - Best validation accuracies for each fold:
[2024-05-23 14:45:07,185][__main__][INFO] -     Fold 0: 89.42373657226562
[2024-05-23 14:45:07,185][__main__][INFO] -     Fold 1: 60.297428131103516
[2024-05-23 14:45:07,185][__main__][INFO] -     Fold 2: 70.82477569580078
[2024-05-23 14:45:07,185][__main__][INFO] -     Fold 3: 75.922119140625
[2024-05-23 14:45:07,185][__main__][INFO] -     Fold 4: 61.236671447753906
[2024-05-23 14:45:07,185][__main__][INFO] -     Fold 5: 89.83465576171875
[2024-05-23 14:45:07,185][__main__][INFO] -     Fold 6: 81.7238998413086
[2024-05-23 14:45:07,185][__main__][INFO] -     Fold 7: 83.54368591308594
[2024-05-23 14:45:07,186][__main__][INFO] -     Fold 8: 97.83778381347656
[2024-05-23 14:45:07,186][__main__][INFO] -     Fold 9: 70.7758560180664
[2024-05-23 14:45:07,186][__main__][INFO] -     Fold 10: 81.99784851074219
[2024-05-23 14:45:07,186][__main__][INFO] -     Fold 11: 95.920166015625
[2024-05-23 14:45:07,186][__main__][INFO] -     Fold 12: 87.96595001220703
[2024-05-23 14:45:07,186][__main__][INFO] -     Fold 13: 82.78054809570312
[2024-05-23 14:45:07,186][__main__][INFO] -     Fold 14: 83.79806518554688
[2024-05-23 14:45:07,186][__main__][INFO] - Average validation accuracy across all folds: 80.92554601033528
