[2024-05-22 11:28:45,324][__main__][INFO] - fold:0
[2024-05-22 11:28:45,325][__main__][INFO] - train_subs:[1, 2, 3, 4, 5, 6, 7, 8, 9, 10, 11, 12, 13, 14]
[2024-05-22 11:28:45,325][__main__][INFO] - val_subs:[0]
[2024-05-22 11:28:47,718][__main__][INFO] - normTrain
[2024-05-22 11:29:03,320][__main__][INFO] - load model:/home/ncclab/shenxinke/att_model/CLISA_Hydra/clisa_run/SEED/2024-05-15/11-43-23_run2/clisa_cp/SEED/_r2_f0_best.ckpt
[2024-05-22 11:29:37,365][__main__][INFO] - no inf
[2024-05-22 11:29:37,391][__main__][INFO] - no nan
[2024-05-22 11:29:37,391][__main__][INFO] - running norm:
[2024-05-22 11:29:40,468][__main__][INFO] - no inf
[2024-05-22 11:29:40,493][__main__][INFO] - no nan
[2024-05-22 11:29:40,494][__main__][INFO] - LDS:
[2024-05-22 11:45:37,607][__main__][INFO] - no inf
[2024-05-22 11:45:37,633][__main__][INFO] - no nan
[2024-05-22 11:45:39,436][__main__][INFO] - fold:1
[2024-05-22 11:45:39,437][__main__][INFO] - train_subs:[0, 2, 3, 4, 5, 6, 7, 8, 9, 10, 11, 12, 13, 14]
[2024-05-22 11:45:39,437][__main__][INFO] - val_subs:[1]
[2024-05-22 11:45:41,910][__main__][INFO] - normTrain
[2024-05-22 11:45:56,405][__main__][INFO] - load model:/home/ncclab/shenxinke/att_model/CLISA_Hydra/clisa_run/SEED/2024-05-15/11-43-23_run2/clisa_cp/SEED/_r2_f1_best.ckpt
[2024-05-22 11:46:38,517][__main__][INFO] - no inf
[2024-05-22 11:46:38,538][__main__][INFO] - no nan
[2024-05-22 11:46:38,538][__main__][INFO] - running norm:
[2024-05-22 11:46:41,663][__main__][INFO] - no inf
[2024-05-22 11:46:41,683][__main__][INFO] - no nan
[2024-05-22 11:46:41,683][__main__][INFO] - LDS:
[2024-05-22 12:02:44,069][__main__][INFO] - no inf
[2024-05-22 12:02:44,090][__main__][INFO] - no nan
[2024-05-22 12:02:45,901][__main__][INFO] - fold:2
[2024-05-22 12:02:45,901][__main__][INFO] - train_subs:[0, 1, 3, 4, 5, 6, 7, 8, 9, 10, 11, 12, 13, 14]
[2024-05-22 12:02:45,902][__main__][INFO] - val_subs:[2]
[2024-05-22 12:02:48,404][__main__][INFO] - normTrain
[2024-05-22 12:03:04,737][__main__][INFO] - load model:/home/ncclab/shenxinke/att_model/CLISA_Hydra/clisa_run/SEED/2024-05-15/11-43-23_run2/clisa_cp/SEED/_r2_f2_best.ckpt
[2024-05-22 12:03:48,246][__main__][INFO] - no inf
[2024-05-22 12:03:48,273][__main__][INFO] - no nan
[2024-05-22 12:03:48,274][__main__][INFO] - running norm:
[2024-05-22 12:03:51,409][__main__][INFO] - no inf
[2024-05-22 12:03:51,436][__main__][INFO] - no nan
[2024-05-22 12:03:51,436][__main__][INFO] - LDS:
[2024-05-22 12:19:53,426][__main__][INFO] - no inf
[2024-05-22 12:19:53,453][__main__][INFO] - no nan
[2024-05-22 12:19:55,257][__main__][INFO] - fold:3
[2024-05-22 12:19:55,257][__main__][INFO] - train_subs:[0, 1, 2, 4, 5, 6, 7, 8, 9, 10, 11, 12, 13, 14]
[2024-05-22 12:19:55,258][__main__][INFO] - val_subs:[3]
[2024-05-22 12:19:57,727][__main__][INFO] - normTrain
[2024-05-22 12:20:12,078][__main__][INFO] - load model:/home/ncclab/shenxinke/att_model/CLISA_Hydra/clisa_run/SEED/2024-05-15/11-43-23_run2/clisa_cp/SEED/_r2_f3_best.ckpt
[2024-05-22 12:20:54,252][__main__][INFO] - no inf
[2024-05-22 12:20:54,273][__main__][INFO] - no nan
[2024-05-22 12:20:54,273][__main__][INFO] - running norm:
[2024-05-22 12:20:57,459][__main__][INFO] - no inf
[2024-05-22 12:20:57,479][__main__][INFO] - no nan
[2024-05-22 12:20:57,479][__main__][INFO] - LDS:
[2024-05-22 12:36:57,824][__main__][INFO] - no inf
[2024-05-22 12:36:57,845][__main__][INFO] - no nan
[2024-05-22 12:36:59,653][__main__][INFO] - fold:4
[2024-05-22 12:36:59,654][__main__][INFO] - train_subs:[0, 1, 2, 3, 5, 6, 7, 8, 9, 10, 11, 12, 13, 14]
[2024-05-22 12:36:59,654][__main__][INFO] - val_subs:[4]
[2024-05-22 12:37:02,147][__main__][INFO] - normTrain
[2024-05-22 12:37:17,668][__main__][INFO] - load model:/home/ncclab/shenxinke/att_model/CLISA_Hydra/clisa_run/SEED/2024-05-15/11-43-23_run2/clisa_cp/SEED/_r2_f4_best.ckpt
[2024-05-22 12:38:02,101][__main__][INFO] - no inf
[2024-05-22 12:38:02,125][__main__][INFO] - no nan
[2024-05-22 12:38:02,125][__main__][INFO] - running norm:
[2024-05-22 12:38:05,230][__main__][INFO] - no inf
[2024-05-22 12:38:05,254][__main__][INFO] - no nan
[2024-05-22 12:38:05,255][__main__][INFO] - LDS:
[2024-05-22 12:54:11,392][__main__][INFO] - no inf
[2024-05-22 12:54:11,417][__main__][INFO] - no nan
[2024-05-22 12:54:13,241][__main__][INFO] - fold:5
[2024-05-22 12:54:13,242][__main__][INFO] - train_subs:[0, 1, 2, 3, 4, 6, 7, 8, 9, 10, 11, 12, 13, 14]
[2024-05-22 12:54:13,242][__main__][INFO] - val_subs:[5]
[2024-05-22 12:54:15,730][__main__][INFO] - normTrain
[2024-05-22 12:54:31,459][__main__][INFO] - load model:/home/ncclab/shenxinke/att_model/CLISA_Hydra/clisa_run/SEED/2024-05-15/11-43-23_run2/clisa_cp/SEED/_r2_f5_best.ckpt
[2024-05-22 12:55:14,488][__main__][INFO] - no inf
[2024-05-22 12:55:14,512][__main__][INFO] - no nan
[2024-05-22 12:55:14,513][__main__][INFO] - running norm:
[2024-05-22 12:55:17,640][__main__][INFO] - no inf
[2024-05-22 12:55:17,664][__main__][INFO] - no nan
[2024-05-22 12:55:17,664][__main__][INFO] - LDS:
[2024-05-22 13:11:16,087][__main__][INFO] - no inf
[2024-05-22 13:11:16,112][__main__][INFO] - no nan
[2024-05-22 13:11:18,541][__main__][INFO] - fold:6
[2024-05-22 13:11:18,541][__main__][INFO] - train_subs:[0, 1, 2, 3, 4, 5, 7, 8, 9, 10, 11, 12, 13, 14]
[2024-05-22 13:11:18,542][__main__][INFO] - val_subs:[6]
[2024-05-22 13:11:21,014][__main__][INFO] - normTrain
[2024-05-22 13:11:35,401][__main__][INFO] - load model:/home/ncclab/shenxinke/att_model/CLISA_Hydra/clisa_run/SEED/2024-05-15/11-43-23_run2/clisa_cp/SEED/_r2_f6_best.ckpt
[2024-05-22 13:12:17,799][__main__][INFO] - no inf
[2024-05-22 13:12:17,820][__main__][INFO] - no nan
[2024-05-22 13:12:17,820][__main__][INFO] - running norm:
[2024-05-22 13:12:21,012][__main__][INFO] - no inf
[2024-05-22 13:12:21,032][__main__][INFO] - no nan
[2024-05-22 13:12:21,033][__main__][INFO] - LDS:
[2024-05-22 13:28:20,169][__main__][INFO] - no inf
[2024-05-22 13:28:20,189][__main__][INFO] - no nan
[2024-05-22 13:28:22,547][__main__][INFO] - fold:7
[2024-05-22 13:28:22,547][__main__][INFO] - train_subs:[0, 1, 2, 3, 4, 5, 6, 8, 9, 10, 11, 12, 13, 14]
[2024-05-22 13:28:22,548][__main__][INFO] - val_subs:[7]
[2024-05-22 13:28:24,994][__main__][INFO] - normTrain
[2024-05-22 13:28:40,437][__main__][INFO] - load model:/home/ncclab/shenxinke/att_model/CLISA_Hydra/clisa_run/SEED/2024-05-15/11-43-23_run2/clisa_cp/SEED/_r2_f7_best.ckpt
[2024-05-22 13:29:25,456][__main__][INFO] - no inf
[2024-05-22 13:29:25,481][__main__][INFO] - no nan
[2024-05-22 13:29:25,481][__main__][INFO] - running norm:
[2024-05-22 13:29:28,567][__main__][INFO] - no inf
[2024-05-22 13:29:28,591][__main__][INFO] - no nan
[2024-05-22 13:29:28,592][__main__][INFO] - LDS:
[2024-05-22 13:45:31,821][__main__][INFO] - no inf
[2024-05-22 13:45:31,846][__main__][INFO] - no nan
[2024-05-22 13:45:35,624][__main__][INFO] - fold:8
[2024-05-22 13:45:35,624][__main__][INFO] - train_subs:[0, 1, 2, 3, 4, 5, 6, 7, 9, 10, 11, 12, 13, 14]
[2024-05-22 13:45:35,625][__main__][INFO] - val_subs:[8]
[2024-05-22 13:45:38,084][__main__][INFO] - normTrain
[2024-05-22 13:45:54,409][__main__][INFO] - load model:/home/ncclab/shenxinke/att_model/CLISA_Hydra/clisa_run/SEED/2024-05-15/11-43-23_run2/clisa_cp/SEED/_r2_f8_best.ckpt
[2024-05-22 13:46:38,246][__main__][INFO] - no inf
[2024-05-22 13:46:38,274][__main__][INFO] - no nan
[2024-05-22 13:46:38,274][__main__][INFO] - running norm:
[2024-05-22 13:46:41,424][__main__][INFO] - no inf
[2024-05-22 13:46:41,451][__main__][INFO] - no nan
[2024-05-22 13:46:41,451][__main__][INFO] - LDS:
[2024-05-22 14:02:43,546][__main__][INFO] - no inf
[2024-05-22 14:02:43,575][__main__][INFO] - no nan
[2024-05-22 14:02:45,473][__main__][INFO] - fold:9
[2024-05-22 14:02:45,474][__main__][INFO] - train_subs:[0, 1, 2, 3, 4, 5, 6, 7, 8, 10, 11, 12, 13, 14]
[2024-05-22 14:02:45,474][__main__][INFO] - val_subs:[9]
[2024-05-22 14:02:47,950][__main__][INFO] - normTrain
[2024-05-22 14:03:02,299][__main__][INFO] - load model:/home/ncclab/shenxinke/att_model/CLISA_Hydra/clisa_run/SEED/2024-05-15/11-43-23_run2/clisa_cp/SEED/_r2_f9_best.ckpt
[2024-05-22 14:03:44,775][__main__][INFO] - no inf
[2024-05-22 14:03:44,796][__main__][INFO] - no nan
[2024-05-22 14:03:44,796][__main__][INFO] - running norm:
[2024-05-22 14:03:47,954][__main__][INFO] - no inf
[2024-05-22 14:03:47,974][__main__][INFO] - no nan
[2024-05-22 14:03:47,974][__main__][INFO] - LDS:
[2024-05-22 14:19:50,929][__main__][INFO] - no inf
[2024-05-22 14:19:50,950][__main__][INFO] - no nan
[2024-05-22 14:19:53,689][__main__][INFO] - fold:10
[2024-05-22 14:19:53,690][__main__][INFO] - train_subs:[0, 1, 2, 3, 4, 5, 6, 7, 8, 9, 11, 12, 13, 14]
[2024-05-22 14:19:53,690][__main__][INFO] - val_subs:[10]
[2024-05-22 14:19:56,205][__main__][INFO] - normTrain
