[2024-06-01 10:24:44,341][__main__][INFO] - fold:0
[2024-06-01 10:24:44,341][__main__][INFO] - train_subs:[1, 2, 3, 4, 5, 6, 7, 8, 9, 10, 11, 12, 13, 14]
[2024-06-01 10:24:44,341][__main__][INFO] - val_subs:[0]
[2024-06-01 10:26:59,745][__main__][INFO] - fold:1
[2024-06-01 10:26:59,745][__main__][INFO] - train_subs:[0, 2, 3, 4, 5, 6, 7, 8, 9, 10, 11, 12, 13, 14]
[2024-06-01 10:26:59,746][__main__][INFO] - val_subs:[1]
[2024-06-01 10:29:23,948][__main__][INFO] - fold:2
[2024-06-01 10:29:23,949][__main__][INFO] - train_subs:[0, 1, 3, 4, 5, 6, 7, 8, 9, 10, 11, 12, 13, 14]
[2024-06-01 10:29:23,949][__main__][INFO] - val_subs:[2]
[2024-06-01 10:31:37,134][__main__][INFO] - fold:3
[2024-06-01 10:31:37,134][__main__][INFO] - train_subs:[0, 1, 2, 4, 5, 6, 7, 8, 9, 10, 11, 12, 13, 14]
[2024-06-01 10:31:37,135][__main__][INFO] - val_subs:[3]
[2024-06-01 10:33:55,518][__main__][INFO] - fold:4
[2024-06-01 10:33:55,518][__main__][INFO] - train_subs:[0, 1, 2, 3, 5, 6, 7, 8, 9, 10, 11, 12, 13, 14]
[2024-06-01 10:33:55,518][__main__][INFO] - val_subs:[4]
[2024-06-01 10:36:27,285][__main__][INFO] - fold:5
[2024-06-01 10:36:27,286][__main__][INFO] - train_subs:[0, 1, 2, 3, 4, 6, 7, 8, 9, 10, 11, 12, 13, 14]
[2024-06-01 10:36:27,286][__main__][INFO] - val_subs:[5]
[2024-06-01 10:43:22,358][__main__][INFO] - fold:6
[2024-06-01 10:43:22,358][__main__][INFO] - train_subs:[0, 1, 2, 3, 4, 5, 7, 8, 9, 10, 11, 12, 13, 14]
[2024-06-01 10:43:22,358][__main__][INFO] - val_subs:[6]
[2024-06-01 10:49:11,591][__main__][INFO] - fold:7
[2024-06-01 10:49:11,591][__main__][INFO] - train_subs:[0, 1, 2, 3, 4, 5, 6, 8, 9, 10, 11, 12, 13, 14]
[2024-06-01 10:49:11,591][__main__][INFO] - val_subs:[7]
[2024-06-01 10:56:21,375][__main__][INFO] - fold:8
[2024-06-01 10:56:21,375][__main__][INFO] - train_subs:[0, 1, 2, 3, 4, 5, 6, 7, 9, 10, 11, 12, 13, 14]
[2024-06-01 10:56:21,376][__main__][INFO] - val_subs:[8]
[2024-06-01 11:01:09,538][__main__][INFO] - fold:9
[2024-06-01 11:01:09,539][__main__][INFO] - train_subs:[0, 1, 2, 3, 4, 5, 6, 7, 8, 10, 11, 12, 13, 14]
[2024-06-01 11:01:09,539][__main__][INFO] - val_subs:[9]
[2024-06-01 11:05:35,714][__main__][INFO] - fold:10
[2024-06-01 11:05:35,714][__main__][INFO] - train_subs:[0, 1, 2, 3, 4, 5, 6, 7, 8, 9, 11, 12, 13, 14]
[2024-06-01 11:05:35,714][__main__][INFO] - val_subs:[10]
[2024-06-01 11:09:04,080][__main__][INFO] - fold:11
[2024-06-01 11:09:04,080][__main__][INFO] - train_subs:[0, 1, 2, 3, 4, 5, 6, 7, 8, 9, 10, 12, 13, 14]
[2024-06-01 11:09:04,081][__main__][INFO] - val_subs:[11]
[2024-06-01 11:16:11,614][__main__][INFO] - fold:12
[2024-06-01 11:16:11,614][__main__][INFO] - train_subs:[0, 1, 2, 3, 4, 5, 6, 7, 8, 9, 10, 11, 13, 14]
[2024-06-01 11:16:11,614][__main__][INFO] - val_subs:[12]
[2024-06-01 11:19:28,200][__main__][INFO] - Best validation accuracies for each fold:
[2024-06-01 11:19:28,200][__main__][INFO] -     Fold 0: 83.59260559082031
[2024-06-01 11:19:28,200][__main__][INFO] -     Fold 1: 57.55796813964844
[2024-06-01 11:19:28,200][__main__][INFO] -     Fold 2: 77.78103637695312
[2024-06-01 11:19:28,200][__main__][INFO] -     Fold 3: 87.95616912841797
[2024-06-01 11:19:28,200][__main__][INFO] -     Fold 4: 62.19548034667969
[2024-06-01 11:19:28,200][__main__][INFO] -     Fold 5: 89.98140716552734
[2024-06-01 11:19:28,201][__main__][INFO] -     Fold 6: 81.31298065185547
[2024-06-01 11:19:28,201][__main__][INFO] -     Fold 7: 81.17601013183594
[2024-06-01 11:19:28,201][__main__][INFO] -     Fold 8: 97.78886413574219
[2024-06-01 11:19:28,201][__main__][INFO] -     Fold 9: 69.87574768066406
[2024-06-01 11:19:28,201][__main__][INFO] -     Fold 10: 82.84903717041016
[2024-06-01 11:19:28,201][__main__][INFO] -     Fold 11: 96.3702163696289
[2024-06-01 11:19:28,201][__main__][INFO] -     Fold 12: 81.84130859375
[2024-06-01 11:19:28,201][__main__][INFO] - Average validation accuracy across all folds: 80.79067934476413
