[2024-05-30 15:07:42,980][__main__][INFO] - fold:0
[2024-05-30 15:07:42,981][__main__][INFO] - train_subs:[1, 2, 3, 4, 5, 6, 7, 8, 9, 10, 11, 12, 13, 14]
[2024-05-30 15:07:42,981][__main__][INFO] - val_subs:[0]
[2024-05-30 15:10:06,138][__main__][INFO] - fold:1
[2024-05-30 15:10:06,138][__main__][INFO] - train_subs:[0, 2, 3, 4, 5, 6, 7, 8, 9, 10, 11, 12, 13, 14]
[2024-05-30 15:10:06,139][__main__][INFO] - val_subs:[1]
[2024-05-30 15:12:34,348][__main__][INFO] - fold:2
[2024-05-30 15:12:34,348][__main__][INFO] - train_subs:[0, 1, 3, 4, 5, 6, 7, 8, 9, 10, 11, 12, 13, 14]
[2024-05-30 15:12:34,348][__main__][INFO] - val_subs:[2]
[2024-05-30 15:14:42,783][__main__][INFO] - fold:3
[2024-05-30 15:14:42,784][__main__][INFO] - train_subs:[0, 1, 2, 4, 5, 6, 7, 8, 9, 10, 11, 12, 13, 14]
[2024-05-30 15:14:42,784][__main__][INFO] - val_subs:[3]
[2024-05-30 15:19:09,532][__main__][INFO] - fold:4
[2024-05-30 15:19:09,533][__main__][INFO] - train_subs:[0, 1, 2, 3, 5, 6, 7, 8, 9, 10, 11, 12, 13, 14]
[2024-05-30 15:19:09,533][__main__][INFO] - val_subs:[4]
[2024-05-30 15:21:21,119][__main__][INFO] - fold:5
[2024-05-30 15:21:21,119][__main__][INFO] - train_subs:[0, 1, 2, 3, 4, 6, 7, 8, 9, 10, 11, 12, 13, 14]
[2024-05-30 15:21:21,119][__main__][INFO] - val_subs:[5]
[2024-05-30 15:24:14,347][__main__][INFO] - fold:6
[2024-05-30 15:24:14,347][__main__][INFO] - train_subs:[0, 1, 2, 3, 4, 5, 7, 8, 9, 10, 11, 12, 13, 14]
[2024-05-30 15:24:14,348][__main__][INFO] - val_subs:[6]
[2024-05-30 15:30:48,020][__main__][INFO] - fold:7
[2024-05-30 15:30:48,020][__main__][INFO] - train_subs:[0, 1, 2, 3, 4, 5, 6, 8, 9, 10, 11, 12, 13, 14]
[2024-05-30 15:30:48,020][__main__][INFO] - val_subs:[7]
[2024-05-30 15:32:58,171][__main__][INFO] - fold:8
[2024-05-30 15:32:58,172][__main__][INFO] - train_subs:[0, 1, 2, 3, 4, 5, 6, 7, 9, 10, 11, 12, 13, 14]
[2024-05-30 15:32:58,172][__main__][INFO] - val_subs:[8]
[2024-05-30 15:37:30,097][__main__][INFO] - fold:9
[2024-05-30 15:37:30,097][__main__][INFO] - train_subs:[0, 1, 2, 3, 4, 5, 6, 7, 8, 10, 11, 12, 13, 14]
[2024-05-30 15:37:30,097][__main__][INFO] - val_subs:[9]
[2024-05-30 15:41:30,496][__main__][INFO] - fold:10
[2024-05-30 15:41:30,496][__main__][INFO] - train_subs:[0, 1, 2, 3, 4, 5, 6, 7, 8, 9, 11, 12, 13, 14]
[2024-05-30 15:41:30,496][__main__][INFO] - val_subs:[10]
[2024-05-30 15:46:47,324][__main__][INFO] - fold:11
[2024-05-30 15:46:47,325][__main__][INFO] - train_subs:[0, 1, 2, 3, 4, 5, 6, 7, 8, 9, 10, 12, 13, 14]
[2024-05-30 15:46:47,325][__main__][INFO] - val_subs:[11]
[2024-05-30 15:51:32,548][__main__][INFO] - fold:12
[2024-05-30 15:51:32,549][__main__][INFO] - train_subs:[0, 1, 2, 3, 4, 5, 6, 7, 8, 9, 10, 11, 13, 14]
[2024-05-30 15:51:32,549][__main__][INFO] - val_subs:[12]
[2024-05-30 15:57:44,687][__main__][INFO] - Best validation accuracies for each fold:
[2024-05-30 15:57:44,687][__main__][INFO] -     Fold 0: 84.98190307617188
[2024-05-30 15:57:44,687][__main__][INFO] -     Fold 1: 59.142940521240234
[2024-05-30 15:57:44,687][__main__][INFO] -     Fold 2: 76.74395751953125
[2024-05-30 15:57:44,687][__main__][INFO] -     Fold 3: 88.11270904541016
[2024-05-30 15:57:44,687][__main__][INFO] -     Fold 4: 64.29899597167969
[2024-05-30 15:57:44,687][__main__][INFO] -     Fold 5: 86.13638305664062
[2024-05-30 15:57:44,688][__main__][INFO] -     Fold 6: 78.83768463134766
[2024-05-30 15:57:44,688][__main__][INFO] -     Fold 7: 77.1842269897461
[2024-05-30 15:57:44,688][__main__][INFO] -     Fold 8: 94.18843841552734
[2024-05-30 15:57:44,688][__main__][INFO] -     Fold 9: 66.29488372802734
[2024-05-30 15:57:44,688][__main__][INFO] -     Fold 10: 83.24038696289062
[2024-05-30 15:57:44,688][__main__][INFO] -     Fold 11: 95.15702819824219
[2024-05-30 15:57:44,688][__main__][INFO] -     Fold 12: 76.15692901611328
[2024-05-30 15:57:44,688][__main__][INFO] - Average validation accuracy across all folds: 79.2674205486591
