[2024-05-29 16:01:32,184][__main__][INFO] - fold:0
[2024-05-29 16:01:32,185][__main__][INFO] - train_subs:[1, 2, 3, 4, 5, 6, 7, 8, 9, 10, 11, 12, 13, 14]
[2024-05-29 16:01:32,185][__main__][INFO] - val_subs:[0]
[2024-05-29 16:01:34,663][__main__][INFO] - normTrain
[2024-05-29 16:01:52,023][__main__][INFO] - load model:/home/ncclab/shenxinke/att_model/CLISA_Hydra/clisa_cp/SEED/_r4_f0_best.ckpt
[2024-05-29 16:02:28,196][__main__][INFO] - no inf
[2024-05-29 16:02:28,226][__main__][INFO] - no nan
[2024-05-29 16:02:28,226][__main__][INFO] - running norm:
[2024-05-29 16:02:31,360][__main__][INFO] - no inf
[2024-05-29 16:02:31,389][__main__][INFO] - no nan
[2024-05-29 16:02:31,389][__main__][INFO] - LDS:
[2024-05-29 16:18:22,541][__main__][INFO] - no inf
[2024-05-29 16:18:22,570][__main__][INFO] - no nan
[2024-05-29 16:18:24,380][__main__][INFO] - fold:1
[2024-05-29 16:18:24,381][__main__][INFO] - train_subs:[0, 2, 3, 4, 5, 6, 7, 8, 9, 10, 11, 12, 13, 14]
[2024-05-29 16:18:24,381][__main__][INFO] - val_subs:[1]
[2024-05-29 16:18:26,837][__main__][INFO] - normTrain
[2024-05-29 16:18:43,558][__main__][INFO] - load model:/home/ncclab/shenxinke/att_model/CLISA_Hydra/clisa_cp/SEED/_r4_f1_best.ckpt
[2024-05-29 16:19:29,071][__main__][INFO] - no inf
[2024-05-29 16:19:29,100][__main__][INFO] - no nan
[2024-05-29 16:19:29,101][__main__][INFO] - running norm:
[2024-05-29 16:19:32,251][__main__][INFO] - no inf
[2024-05-29 16:19:32,279][__main__][INFO] - no nan
[2024-05-29 16:19:32,280][__main__][INFO] - LDS:
[2024-05-29 16:35:24,819][__main__][INFO] - no inf
[2024-05-29 16:35:24,847][__main__][INFO] - no nan
[2024-05-29 16:35:26,696][__main__][INFO] - fold:2
[2024-05-29 16:35:26,697][__main__][INFO] - train_subs:[0, 1, 3, 4, 5, 6, 7, 8, 9, 10, 11, 12, 13, 14]
[2024-05-29 16:35:26,697][__main__][INFO] - val_subs:[2]
[2024-05-29 16:35:29,248][__main__][INFO] - normTrain
[2024-05-29 16:35:45,580][__main__][INFO] - load model:/home/ncclab/shenxinke/att_model/CLISA_Hydra/clisa_cp/SEED/_r4_f2_best.ckpt
[2024-05-29 16:36:30,507][__main__][INFO] - no inf
[2024-05-29 16:36:30,533][__main__][INFO] - no nan
[2024-05-29 16:36:30,533][__main__][INFO] - running norm:
[2024-05-29 16:36:33,690][__main__][INFO] - no inf
[2024-05-29 16:36:33,715][__main__][INFO] - no nan
[2024-05-29 16:36:33,716][__main__][INFO] - LDS:
[2024-05-29 16:52:29,420][__main__][INFO] - no inf
[2024-05-29 16:52:29,446][__main__][INFO] - no nan
[2024-05-29 16:52:31,261][__main__][INFO] - fold:3
[2024-05-29 16:52:31,261][__main__][INFO] - train_subs:[0, 1, 2, 4, 5, 6, 7, 8, 9, 10, 11, 12, 13, 14]
[2024-05-29 16:52:31,261][__main__][INFO] - val_subs:[3]
[2024-05-29 16:52:33,704][__main__][INFO] - normTrain
[2024-05-29 16:52:49,082][__main__][INFO] - load model:/home/ncclab/shenxinke/att_model/CLISA_Hydra/clisa_cp/SEED/_r4_f3_best.ckpt
[2024-05-29 16:53:34,927][__main__][INFO] - no inf
[2024-05-29 16:53:34,953][__main__][INFO] - no nan
[2024-05-29 16:53:34,953][__main__][INFO] - running norm:
[2024-05-29 16:53:37,984][__main__][INFO] - no inf
[2024-05-29 16:53:38,009][__main__][INFO] - no nan
[2024-05-29 16:53:38,009][__main__][INFO] - LDS:
[2024-05-29 17:09:31,240][__main__][INFO] - no inf
[2024-05-29 17:09:31,265][__main__][INFO] - no nan
[2024-05-29 17:09:33,892][__main__][INFO] - fold:4
[2024-05-29 17:09:33,892][__main__][INFO] - train_subs:[0, 1, 2, 3, 5, 6, 7, 8, 9, 10, 11, 12, 13, 14]
[2024-05-29 17:09:33,893][__main__][INFO] - val_subs:[4]
[2024-05-29 17:09:36,427][__main__][INFO] - normTrain
[2024-05-29 17:09:52,245][__main__][INFO] - load model:/home/ncclab/shenxinke/att_model/CLISA_Hydra/clisa_cp/SEED/_r4_f4_best.ckpt
[2024-05-29 17:10:38,210][__main__][INFO] - no inf
[2024-05-29 17:10:38,236][__main__][INFO] - no nan
[2024-05-29 17:10:38,236][__main__][INFO] - running norm:
[2024-05-29 17:10:41,308][__main__][INFO] - no inf
[2024-05-29 17:10:41,334][__main__][INFO] - no nan
[2024-05-29 17:10:41,334][__main__][INFO] - LDS:
[2024-05-29 17:26:35,851][__main__][INFO] - no inf
[2024-05-29 17:26:35,876][__main__][INFO] - no nan
[2024-05-29 17:26:37,949][__main__][INFO] - fold:5
[2024-05-29 17:26:37,949][__main__][INFO] - train_subs:[0, 1, 2, 3, 4, 6, 7, 8, 9, 10, 11, 12, 13, 14]
[2024-05-29 17:26:37,949][__main__][INFO] - val_subs:[5]
[2024-05-29 17:26:40,320][__main__][INFO] - normTrain
[2024-05-29 17:26:54,796][__main__][INFO] - load model:/home/ncclab/shenxinke/att_model/CLISA_Hydra/clisa_cp/SEED/_r4_f5_best.ckpt
[2024-05-29 17:27:38,521][__main__][INFO] - no inf
[2024-05-29 17:27:38,542][__main__][INFO] - no nan
[2024-05-29 17:27:38,543][__main__][INFO] - running norm:
[2024-05-29 17:27:41,680][__main__][INFO] - no inf
[2024-05-29 17:27:41,700][__main__][INFO] - no nan
[2024-05-29 17:27:41,700][__main__][INFO] - LDS:
[2024-05-29 17:43:38,645][__main__][INFO] - no inf
[2024-05-29 17:43:38,666][__main__][INFO] - no nan
[2024-05-29 17:43:40,476][__main__][INFO] - fold:6
[2024-05-29 17:43:40,477][__main__][INFO] - train_subs:[0, 1, 2, 3, 4, 5, 7, 8, 9, 10, 11, 12, 13, 14]
[2024-05-29 17:43:40,477][__main__][INFO] - val_subs:[6]
[2024-05-29 17:43:42,932][__main__][INFO] - normTrain
[2024-05-29 17:43:58,272][__main__][INFO] - load model:/home/ncclab/shenxinke/att_model/CLISA_Hydra/clisa_cp/SEED/_r4_f6_best.ckpt
[2024-05-29 17:44:43,992][__main__][INFO] - no inf
[2024-05-29 17:44:44,017][__main__][INFO] - no nan
[2024-05-29 17:44:44,018][__main__][INFO] - running norm:
[2024-05-29 17:44:47,155][__main__][INFO] - no inf
[2024-05-29 17:44:47,180][__main__][INFO] - no nan
[2024-05-29 17:44:47,180][__main__][INFO] - LDS:
[2024-05-29 18:00:42,381][__main__][INFO] - no inf
[2024-05-29 18:00:42,405][__main__][INFO] - no nan
[2024-05-29 18:00:44,222][__main__][INFO] - fold:7
[2024-05-29 18:00:44,222][__main__][INFO] - train_subs:[0, 1, 2, 3, 4, 5, 6, 8, 9, 10, 11, 12, 13, 14]
[2024-05-29 18:00:44,222][__main__][INFO] - val_subs:[7]
[2024-05-29 18:00:46,607][__main__][INFO] - normTrain
[2024-05-29 18:01:00,467][__main__][INFO] - load model:/home/ncclab/shenxinke/att_model/CLISA_Hydra/clisa_cp/SEED/_r4_f7_best.ckpt
[2024-05-29 18:01:45,907][__main__][INFO] - no inf
[2024-05-29 18:01:45,927][__main__][INFO] - no nan
[2024-05-29 18:01:45,927][__main__][INFO] - running norm:
[2024-05-29 18:01:49,027][__main__][INFO] - no inf
[2024-05-29 18:01:49,047][__main__][INFO] - no nan
[2024-05-29 18:01:49,047][__main__][INFO] - LDS:
[2024-05-29 18:17:45,180][__main__][INFO] - no inf
[2024-05-29 18:17:45,201][__main__][INFO] - no nan
[2024-05-29 18:17:47,037][__main__][INFO] - fold:8
[2024-05-29 18:17:47,037][__main__][INFO] - train_subs:[0, 1, 2, 3, 4, 5, 6, 7, 9, 10, 11, 12, 13, 14]
[2024-05-29 18:17:47,038][__main__][INFO] - val_subs:[8]
[2024-05-29 18:17:49,496][__main__][INFO] - normTrain
[2024-05-29 18:18:05,054][__main__][INFO] - load model:/home/ncclab/shenxinke/att_model/CLISA_Hydra/clisa_cp/SEED/_r4_f8_best.ckpt
[2024-05-29 18:18:50,335][__main__][INFO] - no inf
[2024-05-29 18:18:50,361][__main__][INFO] - no nan
[2024-05-29 18:18:50,361][__main__][INFO] - running norm:
[2024-05-29 18:18:53,482][__main__][INFO] - no inf
[2024-05-29 18:18:53,507][__main__][INFO] - no nan
[2024-05-29 18:18:53,507][__main__][INFO] - LDS:
[2024-05-29 18:34:45,055][__main__][INFO] - no inf
[2024-05-29 18:34:45,081][__main__][INFO] - no nan
[2024-05-29 18:34:46,903][__main__][INFO] - fold:9
[2024-05-29 18:34:46,903][__main__][INFO] - train_subs:[0, 1, 2, 3, 4, 5, 6, 7, 8, 10, 11, 12, 13, 14]
[2024-05-29 18:34:46,904][__main__][INFO] - val_subs:[9]
[2024-05-29 18:34:49,424][__main__][INFO] - normTrain
[2024-05-29 18:35:06,303][__main__][INFO] - load model:/home/ncclab/shenxinke/att_model/CLISA_Hydra/clisa_cp/SEED/_r4_f9_best.ckpt
[2024-05-29 18:35:52,715][__main__][INFO] - no inf
[2024-05-29 18:35:52,744][__main__][INFO] - no nan
[2024-05-29 18:35:52,744][__main__][INFO] - running norm:
[2024-05-29 18:35:55,817][__main__][INFO] - no inf
[2024-05-29 18:35:55,845][__main__][INFO] - no nan
[2024-05-29 18:35:55,846][__main__][INFO] - LDS:
[2024-05-29 18:51:52,458][__main__][INFO] - no inf
[2024-05-29 18:51:52,487][__main__][INFO] - no nan
[2024-05-29 18:51:54,373][__main__][INFO] - fold:10
[2024-05-29 18:51:54,374][__main__][INFO] - train_subs:[0, 1, 2, 3, 4, 5, 6, 7, 8, 9, 11, 12, 13, 14]
[2024-05-29 18:51:54,374][__main__][INFO] - val_subs:[10]
[2024-05-29 18:51:56,832][__main__][INFO] - normTrain
[2024-05-29 18:52:11,223][__main__][INFO] - load model:/home/ncclab/shenxinke/att_model/CLISA_Hydra/clisa_cp/SEED/_r4_f10_best.ckpt
[2024-05-29 18:52:56,906][__main__][INFO] - no inf
[2024-05-29 18:52:56,927][__main__][INFO] - no nan
[2024-05-29 18:52:56,927][__main__][INFO] - running norm:
[2024-05-29 18:53:00,028][__main__][INFO] - no inf
[2024-05-29 18:53:00,048][__main__][INFO] - no nan
[2024-05-29 18:53:00,048][__main__][INFO] - LDS:
[2024-05-29 19:08:50,133][__main__][INFO] - no inf
[2024-05-29 19:08:50,153][__main__][INFO] - no nan
[2024-05-29 19:08:51,990][__main__][INFO] - fold:11
[2024-05-29 19:08:51,991][__main__][INFO] - train_subs:[0, 1, 2, 3, 4, 5, 6, 7, 8, 9, 10, 12, 13, 14]
[2024-05-29 19:08:51,991][__main__][INFO] - val_subs:[11]
[2024-05-29 19:08:54,424][__main__][INFO] - normTrain
[2024-05-29 19:09:11,061][__main__][INFO] - load model:/home/ncclab/shenxinke/att_model/CLISA_Hydra/clisa_cp/SEED/_r4_f11_best.ckpt
[2024-05-29 19:09:57,042][__main__][INFO] - no inf
[2024-05-29 19:09:57,071][__main__][INFO] - no nan
[2024-05-29 19:09:57,072][__main__][INFO] - running norm:
[2024-05-29 19:10:00,269][__main__][INFO] - no inf
[2024-05-29 19:10:00,298][__main__][INFO] - no nan
[2024-05-29 19:10:00,298][__main__][INFO] - LDS:
[2024-05-29 19:25:54,536][__main__][INFO] - no inf
[2024-05-29 19:25:54,564][__main__][INFO] - no nan
[2024-05-29 19:25:56,409][__main__][INFO] - fold:12
[2024-05-29 19:25:56,409][__main__][INFO] - train_subs:[0, 1, 2, 3, 4, 5, 6, 7, 8, 9, 10, 11, 13, 14]
[2024-05-29 19:25:56,410][__main__][INFO] - val_subs:[12]
[2024-05-29 19:25:58,920][__main__][INFO] - normTrain
[2024-05-29 19:26:14,525][__main__][INFO] - load model:/home/ncclab/shenxinke/att_model/CLISA_Hydra/clisa_cp/SEED/_r4_f12_best.ckpt
[2024-05-29 19:27:00,012][__main__][INFO] - no inf
[2024-05-29 19:27:00,036][__main__][INFO] - no nan
[2024-05-29 19:27:00,036][__main__][INFO] - running norm:
[2024-05-29 19:27:03,199][__main__][INFO] - no inf
[2024-05-29 19:27:03,223][__main__][INFO] - no nan
[2024-05-29 19:27:03,223][__main__][INFO] - LDS:
[2024-05-29 19:42:55,038][__main__][INFO] - no inf
[2024-05-29 19:42:55,062][__main__][INFO] - no nan
[2024-05-29 19:42:56,870][__main__][INFO] - fold:13
[2024-05-29 19:42:56,870][__main__][INFO] - train_subs:[0, 1, 2, 3, 4, 5, 6, 7, 8, 9, 10, 11, 12, 14]
[2024-05-29 19:42:56,870][__main__][INFO] - val_subs:[13]
[2024-05-29 19:42:59,345][__main__][INFO] - normTrain
[2024-05-29 19:43:15,656][__main__][INFO] - load model:/home/ncclab/shenxinke/att_model/CLISA_Hydra/clisa_cp/SEED/_r4_f13_best.ckpt
[2024-05-29 19:44:03,026][__main__][INFO] - no inf
[2024-05-29 19:44:03,053][__main__][INFO] - no nan
[2024-05-29 19:44:03,053][__main__][INFO] - running norm:
[2024-05-29 19:44:06,102][__main__][INFO] - no inf
[2024-05-29 19:44:06,128][__main__][INFO] - no nan
[2024-05-29 19:44:06,128][__main__][INFO] - LDS:
[2024-05-29 19:59:58,825][__main__][INFO] - no inf
[2024-05-29 19:59:58,852][__main__][INFO] - no nan
[2024-05-29 20:00:00,767][__main__][INFO] - fold:14
[2024-05-29 20:00:00,767][__main__][INFO] - train_subs:[0, 1, 2, 3, 4, 5, 6, 7, 8, 9, 10, 11, 12, 13]
[2024-05-29 20:00:00,768][__main__][INFO] - val_subs:[14]
[2024-05-29 20:00:03,262][__main__][INFO] - normTrain
[2024-05-29 20:00:19,003][__main__][INFO] - load model:/home/ncclab/shenxinke/att_model/CLISA_Hydra/clisa_cp/SEED/_r4_f14_best.ckpt
[2024-05-29 20:01:03,821][__main__][INFO] - no inf
[2024-05-29 20:01:03,847][__main__][INFO] - no nan
[2024-05-29 20:01:03,847][__main__][INFO] - running norm:
[2024-05-29 20:01:07,027][__main__][INFO] - no inf
[2024-05-29 20:01:07,052][__main__][INFO] - no nan
[2024-05-29 20:01:07,052][__main__][INFO] - LDS:
[2024-05-29 20:17:03,202][__main__][INFO] - no inf
[2024-05-29 20:17:03,228][__main__][INFO] - no nan
