[2024-05-18 15:27:15,628][__main__][INFO] - fold:0
[2024-05-18 15:27:15,628][__main__][INFO] - train_subs:[1, 2, 3, 4, 5, 6, 7, 8, 9, 10, 11, 12, 13, 14]
[2024-05-18 15:27:15,628][__main__][INFO] - val_subs:[0]
[2024-05-18 15:29:59,665][__main__][INFO] - fold:1
[2024-05-18 15:29:59,665][__main__][INFO] - train_subs:[0, 2, 3, 4, 5, 6, 7, 8, 9, 10, 11, 12, 13, 14]
[2024-05-18 15:29:59,665][__main__][INFO] - val_subs:[1]
[2024-05-18 15:32:15,377][__main__][INFO] - fold:2
[2024-05-18 15:32:15,377][__main__][INFO] - train_subs:[0, 1, 3, 4, 5, 6, 7, 8, 9, 10, 11, 12, 13, 14]
[2024-05-18 15:32:15,377][__main__][INFO] - val_subs:[2]
[2024-05-18 15:34:32,245][__main__][INFO] - fold:3
[2024-05-18 15:34:32,245][__main__][INFO] - train_subs:[0, 1, 2, 4, 5, 6, 7, 8, 9, 10, 11, 12, 13, 14]
[2024-05-18 15:34:32,246][__main__][INFO] - val_subs:[3]
[2024-05-18 15:36:46,486][__main__][INFO] - fold:4
[2024-05-18 15:36:46,486][__main__][INFO] - train_subs:[0, 1, 2, 3, 5, 6, 7, 8, 9, 10, 11, 12, 13, 14]
[2024-05-18 15:36:46,486][__main__][INFO] - val_subs:[4]
[2024-05-18 15:39:06,006][__main__][INFO] - fold:5
[2024-05-18 15:39:06,006][__main__][INFO] - train_subs:[0, 1, 2, 3, 4, 6, 7, 8, 9, 10, 11, 12, 13, 14]
[2024-05-18 15:39:06,007][__main__][INFO] - val_subs:[5]
[2024-05-18 15:44:45,584][__main__][INFO] - fold:6
[2024-05-18 15:44:45,584][__main__][INFO] - train_subs:[0, 1, 2, 3, 4, 5, 7, 8, 9, 10, 11, 12, 13, 14]
[2024-05-18 15:44:45,584][__main__][INFO] - val_subs:[6]
[2024-05-18 15:48:18,984][__main__][INFO] - fold:7
[2024-05-18 15:48:18,984][__main__][INFO] - train_subs:[0, 1, 2, 3, 4, 5, 6, 8, 9, 10, 11, 12, 13, 14]
[2024-05-18 15:48:18,984][__main__][INFO] - val_subs:[7]
[2024-05-18 15:52:59,899][__main__][INFO] - fold:8
[2024-05-18 15:52:59,899][__main__][INFO] - train_subs:[0, 1, 2, 3, 4, 5, 6, 7, 9, 10, 11, 12, 13, 14]
[2024-05-18 15:52:59,899][__main__][INFO] - val_subs:[8]
[2024-05-18 15:58:01,375][__main__][INFO] - fold:9
[2024-05-18 15:58:01,375][__main__][INFO] - train_subs:[0, 1, 2, 3, 4, 5, 6, 7, 8, 10, 11, 12, 13, 14]
[2024-05-18 15:58:01,375][__main__][INFO] - val_subs:[9]
[2024-05-18 16:01:02,874][__main__][INFO] - fold:10
[2024-05-18 16:01:02,875][__main__][INFO] - train_subs:[0, 1, 2, 3, 4, 5, 6, 7, 8, 9, 11, 12, 13, 14]
[2024-05-18 16:01:02,875][__main__][INFO] - val_subs:[10]
